This is pdfTeX, Version 3.1415926-2.3-1.40.12 (MiKTeX 2.9) (preloaded format=pdflatex 2018.10.1)  23 APR 2019 21:00
entering extended mode
**10151.tex
(C:\Users\WangQL\Documents\GitCode\cabinet\papers\ISBI2019_failed\10151.tex
LaTeX2e <2011/06/27>
Babel <v3.8m> and hyphenation patterns for loaded.
(C:\CTEX\MiKTeX\tex\latex\base\article.cls
Document Class: article 2007/10/19 v1.4h Standard LaTeX document class
(C:\CTEX\MiKTeX\tex\latex\base\size10.clo
File: size10.clo 2007/10/19 v1.4h Standard LaTeX file (size option)
)
\c@part=\count79
\c@section=\count80
\c@subsection=\count81
\c@subsubsection=\count82
\c@paragraph=\count83
\c@subparagraph=\count84
\c@figure=\count85
\c@table=\count86
\abovecaptionskip=\skip41
\belowcaptionskip=\skip42
\bibindent=\dimen102
)

! LaTeX Error: File `spconf.sty' not found.

Type X to quit or <RETURN> to proceed,
or enter new name. (Default extension: sty)

Enter file name: 
(C:\CTEX\MiKTeX\tex\latex\ams\math\amsmath.sty
Package: amsmath 2000/07/18 v2.13 AMS math features
\@mathmargin=\skip43

For additional information on amsmath, use the `?' option.
(C:\CTEX\MiKTeX\tex\latex\ams\math\amstext.sty
Package: amstext 2000/06/29 v2.01

(C:\CTEX\MiKTeX\tex\latex\ams\math\amsgen.sty
File: amsgen.sty 1999/11/30 v2.0
\@emptytoks=\toks14
\ex@=\dimen103
))
(C:\CTEX\MiKTeX\tex\latex\ams\math\amsbsy.sty
Package: amsbsy 1999/11/29 v1.2d
\pmbraise@=\dimen104
)
(C:\CTEX\MiKTeX\tex\latex\ams\math\amsopn.sty
Package: amsopn 1999/12/14 v2.01 operator names
)
\inf@bad=\count87
LaTeX Info: Redefining \frac on input line 211.
\uproot@=\count88
\leftroot@=\count89
LaTeX Info: Redefining \overline on input line 307.
\classnum@=\count90
\DOTSCASE@=\count91
LaTeX Info: Redefining \ldots on input line 379.
LaTeX Info: Redefining \dots on input line 382.
LaTeX Info: Redefining \cdots on input line 467.
\Mathstrutbox@=\box26
\strutbox@=\box27
\big@size=\dimen105
LaTeX Font Info:    Redeclaring font encoding OML on input line 567.
LaTeX Font Info:    Redeclaring font encoding OMS on input line 568.
\macc@depth=\count92
\c@MaxMatrixCols=\count93
\dotsspace@=\muskip10
\c@parentequation=\count94
\dspbrk@lvl=\count95
\tag@help=\toks15
\row@=\count96
\column@=\count97
\maxfields@=\count98
\andhelp@=\toks16
\eqnshift@=\dimen106
\alignsep@=\dimen107
\tagshift@=\dimen108
\tagwidth@=\dimen109
\totwidth@=\dimen110
\lineht@=\dimen111
\@envbody=\toks17
\multlinegap=\skip44
\multlinetaggap=\skip45
\mathdisplay@stack=\toks18
LaTeX Info: Redefining \[ on input line 2666.
LaTeX Info: Redefining \] on input line 2667.
)
(C:\CTEX\MiKTeX\tex\latex\graphics\graphicx.sty
Package: graphicx 1999/02/16 v1.0f Enhanced LaTeX Graphics (DPC,SPQR)

(C:\CTEX\MiKTeX\tex\latex\graphics\keyval.sty
Package: keyval 1999/03/16 v1.13 key=value parser (DPC)
\KV@toks@=\toks19
)
(C:\CTEX\MiKTeX\tex\latex\graphics\graphics.sty
Package: graphics 2009/02/05 v1.0o Standard LaTeX Graphics (DPC,SPQR)

(C:\CTEX\MiKTeX\tex\latex\graphics\trig.sty
Package: trig 1999/03/16 v1.09 sin cos tan (DPC)
)
(C:\CTEX\MiKTeX\tex\latex\00miktex\graphics.cfg
File: graphics.cfg 2007/01/18 v1.5 graphics configuration of teTeX/TeXLive
)
Package graphics Info: Driver file: pdftex.def on input line 91.

(C:\CTEX\MiKTeX\tex\latex\pdftex-def\pdftex.def
File: pdftex.def 2011/05/27 v0.06d Graphics/color for pdfTeX

(C:\CTEX\MiKTeX\tex\generic\oberdiek\infwarerr.sty
Package: infwarerr 2010/04/08 v1.3 Providing info/warning/message (HO)
)
(C:\CTEX\MiKTeX\tex\generic\oberdiek\ltxcmds.sty
Package: ltxcmds 2011/04/18 v1.20 LaTeX kernel commands for general use (HO)
)
\Gread@gobject=\count99
))
\Gin@req@height=\dimen112
\Gin@req@width=\dimen113
)
(C:\CTEX\MiKTeX\tex\latex\cite\cite.sty
LaTeX Info: Redefining \cite on input line 302.
LaTeX Info: Redefining \nocite on input line 373.
Package: cite 2010/09/10  v 5.3
)
(C:\CTEX\MiKTeX\tex\latex\graphics\color.sty
Package: color 2005/11/14 v1.0j Standard LaTeX Color (DPC)

(C:\CTEX\MiKTeX\tex\latex\00miktex\color.cfg
File: color.cfg 2007/01/18 v1.5 color configuration of teTeX/TeXLive
)
Package color Info: Driver file: pdftex.def on input line 130.
)
(C:\CTEX\MiKTeX\tex\latex\mdwtools\footnote.sty
Package: footnote 1997/01/28 1.13 Save footnotes around boxes
\fn@notes=\box28
\fn@width=\dimen114
)
! Undefined control sequence.
l.22 \name
          {Qiuli Wang, Jiajia Zhang, Sheng Huang, Feiyu Chen, Xiaohong Zhang...

? 

! LaTeX Error: Missing \begin{document}.

See the LaTeX manual or LaTeX Companion for explanation.
Type  H <return>  for immediate help.
 ...                                              
                                                  
l.22 \name{Q
            iuli Wang, Jiajia Zhang, Sheng Huang, Feiyu Chen, Xiaohong Zhang...

? 
! Undefined control sequence.
l.23 \address
             {School of Big Data \& Software Engineering, Chongqing Universi...

? 
(C:\Users\WangQL\Documents\GitCode\cabinet\papers\ISBI2019_failed\10151.aux

LaTeX Warning: Label `sec:format' multiply defined.

)
LaTeX Font Info:    Checking defaults for OML/cmm/m/it on input line 50.
LaTeX Font Info:    ... okay on input line 50.
LaTeX Font Info:    Checking defaults for T1/cmr/m/n on input line 50.
LaTeX Font Info:    ... okay on input line 50.
LaTeX Font Info:    Checking defaults for OT1/cmr/m/n on input line 50.
LaTeX Font Info:    ... okay on input line 50.
LaTeX Font Info:    Checking defaults for OMS/cmsy/m/n on input line 50.
LaTeX Font Info:    ... okay on input line 50.
LaTeX Font Info:    Checking defaults for OMX/cmex/m/n on input line 50.
LaTeX Font Info:    ... okay on input line 50.
LaTeX Font Info:    Checking defaults for U/cmr/m/n on input line 50.
LaTeX Font Info:    ... okay on input line 50.
 (C:\CTEX\MiKTeX\tex\context\base\supp-pdf.mkii
[Loading MPS to PDF converter (version 2006.09.02).]
\scratchcounter=\count100
\scratchdimen=\dimen115
\scratchbox=\box29
\nofMPsegments=\count101
\nofMParguments=\count102
\everyMPshowfont=\toks20
\MPscratchCnt=\count103
\MPscratchDim=\dimen116
\MPnumerator=\count104
\makeMPintoPDFobject=\count105
\everyMPtoPDFconversion=\toks21
) [1

{C:/CTEX/UserData/pdftex/config/pdftex.map{Unicode.sfd}{UGBK.sfd}}]

LaTeX Warning: No \author given.


! LaTeX Error: Environment keywords undefined.

See the LaTeX manual or LaTeX Companion for explanation.
Type  H <return>  for immediate help.
 ...                                              
                                                  
l.61 \begin{keywords}
                     
? 

! LaTeX Error: \begin{document} ended by \end{keywords}.

See the LaTeX manual or LaTeX Companion for explanation.
Type  H <return>  for immediate help.
 ...                                              
                                                  
l.63 \end{keywords}
                   
? 

LaTeX Warning: Citation `Wild2014International' on page 2 undefined on input li
ne 67.


LaTeX Warning: Citation `Bach2012Benefits' on page 2 undefined on input line 67
.


LaTeX Warning: Citation `Greenspan2016Guest' on page 2 undefined on input line 
67.

<fig1.pdf, id=6, 505.89pt x 317.98799pt>
File: fig1.pdf Graphic file (type pdf)
 <use fig1.pdf>
Package pdftex.def Info: fig1.pdf used on input line 71.
(pdftex.def)             Requested size: 256.0748pt x 160.96355pt.
 [2]

LaTeX Warning: Citation `Qi2016Multilevel' on page 3 undefined on input line 79
.


LaTeX Warning: Citation `Shen2017Multi' on page 3 undefined on input line 80.


LaTeX Warning: Citation `Hussein2017Risk' on page 3 undefined on input line 80.



LaTeX Warning: Citation `Wu2018Joint' on page 3 undefined on input line 80.


LaTeX Warning: Citation `Causey2018Highly' on page 3 undefined on input line 81
.


LaTeX Warning: Citation `Qi2016Multilevel' on page 3 undefined on input line 83
.


LaTeX Warning: Citation `Causey2018Highly' on page 3 undefined on input line 83
.


LaTeX Warning: Citation `Shen2015Multi' on page 3 undefined on input line 83.


LaTeX Warning: Citation `Kang20173D' on page 3 undefined on input line 83.


LaTeX Warning: Citation `Yorozu1987Electron' on page 3 undefined on input line 
83.

[3 <C:/Users/WangQL/Documents/GitCode/cabinet/papers/ISBI2019_failed/fig1.pdf>]

LaTeX Warning: Citation `Hussein2017Risk' on page 4 undefined on input line 106
.

<fig2.pdf, id=29, 505.89pt x 289.08pt>
File: fig2.pdf Graphic file (type pdf)
 <use fig2.pdf>
Package pdftex.def Info: fig2.pdf used on input line 112.
(pdftex.def)             Requested size: 227.62204pt x 130.07155pt.


LaTeX Warning: Citation `Shen2017Multi' on page 4 undefined on input line 124.


Overfull \hbox (125.33493pt too wide) in paragraph at lines 132--150
 [] 
 []

[4]

LaTeX Warning: Citation `Hussein2017Risk' on page 5 undefined on input line 188
.

[5 <C:/Users/WangQL/Documents/GitCode/cabinet/papers/ISBI2019_failed/fig2.pdf>]

LaTeX Warning: Citation `Armato2010WE' on page 6 undefined on input line 205.


LaTeX Warning: Citation `Aaa2016Validation' on page 6 undefined on input line 2
07.


LaTeX Warning: Citation `Causey2018Highly' on page 6 undefined on input line 22
3.


LaTeX Warning: Citation `Xie2017Fusing' on page 6 undefined on input line 224.


LaTeX Warning: Citation `Shen2017Multi' on page 6 undefined on input line 225.


LaTeX Warning: Citation `Wu2018Joint' on page 6 undefined on input line 226.


Overfull \hbox (70.4316pt too wide) in paragraph at lines 215--231
 [] 
 []


LaTeX Warning: Citation `Qi2016Multilevel' on page 6 undefined on input line 24
7.


LaTeX Warning: Citation `Causey2018Highly' on page 6 undefined on input line 24
9.


Overfull \hbox (69.59825pt too wide) in paragraph at lines 240--254
 [] 
 []


LaTeX Warning: Citation `Shen2017Multi' on page 6 undefined on input line 261.


LaTeX Warning: Citation `Causey2018Highly' on page 6 undefined on input line 26
1.

[6]
Overfull \hbox (8.44412pt too wide) in paragraph at lines 270--289
\OT1/cmr/m/n/10 va-tion is that ASM-B3DCNN(ALL) out-per-form-s ASM-B3DCNN(FPR+A
ttributes)
 []

[7] [8]
No file 10151.bbl.
[9] (C:\Users\WangQL\Documents\GitCode\cabinet\papers\ISBI2019_failed\10151.aux
)

LaTeX Warning: There were undefined references.


LaTeX Warning: There were multiply-defined labels.

 ) 
Here is how much of TeX's memory you used:
 1956 strings out of 495354
 24080 string characters out of 3183859
 92750 words of memory out of 3000000
 5130 multiletter control sequences out of 15000+200000
 9989 words of font info for 36 fonts, out of 3000000 for 9000
 14 hyphenation exceptions out of 8191
 27i,10n,20p,1405b,306s stack positions out of 5000i,500n,10000p,200000b,50000s
<C:/CTEX/MiKTeX/fonts/type1/public/amsfonts/cm/cmbx10.pfb><C:/CTEX/MiKTeX/fon
ts/type1/public/amsfonts/cm/cmbx12.pfb><C:/CTEX/MiKTeX/fonts/type1/public/amsfo
nts/cm/cmbx9.pfb><C:/CTEX/MiKTeX/fonts/type1/public/amsfonts/cm/cmbxti10.pfb><C
:/CTEX/MiKTeX/fonts/type1/public/amsfonts/cm/cmex10.pfb><C:/CTEX/MiKTeX/fonts/t
ype1/public/amsfonts/cm/cmmi10.pfb><C:/CTEX/MiKTeX/fonts/type1/public/amsfonts/
cm/cmmi7.pfb><C:/CTEX/MiKTeX/fonts/type1/public/amsfonts/cm/cmr10.pfb><C:/CTEX/
MiKTeX/fonts/type1/public/amsfonts/cm/cmr12.pfb><C:/CTEX/MiKTeX/fonts/type1/pub
lic/amsfonts/cm/cmr17.pfb><C:/CTEX/MiKTeX/fonts/type1/public/amsfonts/cm/cmr7.p
fb><C:/CTEX/MiKTeX/fonts/type1/public/amsfonts/cm/cmr8.pfb><C:/CTEX/MiKTeX/font
s/type1/public/amsfonts/cm/cmr9.pfb><C:/CTEX/MiKTeX/fonts/type1/public/amsfonts
/cm/cmsy10.pfb><C:/CTEX/MiKTeX/fonts/type1/public/amsfonts/cm/cmsy7.pfb>
Output written on 10151.pdf (9 pages, 433925 bytes).
PDF statistics:
 112 PDF objects out of 1000 (max. 8388607)
 0 named destinations out of 1000 (max. 500000)
 11 words of extra memory for PDF output out of 10000 (max. 10000000)

