This is pdfTeX, Version 3.1415926-2.3-1.40.12 (MiKTeX 2.9) (preloaded format=pdflatex 2018.10.1)  22 MAY 2019 09:28
entering extended mode
**c:/Users/WangQL/OneDrive/Documents/Medic/Pneumonia/MMDD_V4/samplepaper
(c:/Users/WangQL/OneDrive/Documents/Medic/Pneumonia/MMDD_V4/samplepaper.tex
LaTeX2e <2011/06/27>
Babel <v3.8m> and hyphenation patterns for loaded.
(c:\Users\WangQL\OneDrive\Documents\Medic\Pneumonia\MMDD_V4\llncs.cls
Document Class: llncs 2018/03/10 v2.20 
 LaTeX document class for Lecture Notes in Computer Science
(C:\CTEX\MiKTeX\tex\latex\base\article.cls
Document Class: article 2007/10/19 v1.4h Standard LaTeX document class
(C:\CTEX\MiKTeX\tex\latex\base\size10.clo
File: size10.clo 2007/10/19 v1.4h Standard LaTeX file (size option)
)
\c@part=\count79
\c@section=\count80
\c@subsection=\count81
\c@subsubsection=\count82
\c@paragraph=\count83
\c@subparagraph=\count84
\c@figure=\count85
\c@table=\count86
\abovecaptionskip=\skip41
\belowcaptionskip=\skip42
\bibindent=\dimen102
) (C:\CTEX\MiKTeX\tex\latex\tools\multicol.sty
Package: multicol 2011/06/27 v1.7a multicolumn formatting (FMi)
\c@tracingmulticols=\count87
\mult@box=\box26
\multicol@leftmargin=\dimen103
\c@unbalance=\count88
\c@collectmore=\count89
\doublecol@number=\count90
\multicoltolerance=\count91
\multicolpretolerance=\count92
\full@width=\dimen104
\page@free=\dimen105
\premulticols=\dimen106
\postmulticols=\dimen107
\multicolsep=\skip43
\multicolbaselineskip=\skip44
\partial@page=\box27
\last@line=\box28
\mult@rightbox=\box29
\mult@grightbox=\box30
\mult@gfirstbox=\box31
\mult@firstbox=\box32
\@tempa=\box33
\@tempa=\box34
\@tempa=\box35
\@tempa=\box36
\@tempa=\box37
\@tempa=\box38
\@tempa=\box39
\@tempa=\box40
\@tempa=\box41
\@tempa=\box42
\@tempa=\box43
\@tempa=\box44
\@tempa=\box45
\@tempa=\box46
\@tempa=\box47
\@tempa=\box48
\@tempa=\box49
\c@columnbadness=\count93
\c@finalcolumnbadness=\count94
\last@try=\dimen108
\multicolovershoot=\dimen109
\multicolundershoot=\dimen110
\mult@nat@firstbox=\box50
\colbreak@box=\box51
\multicol@sort@counter=\count95
) (C:\CTEX\MiKTeX\tex\latex\oberdiek\aliascnt.sty
Package: aliascnt 2009/09/08 v1.3 Alias counter (HO)
 (C:\CTEX\MiKTeX\tex\latex\carlisle\remreset.sty))
\c@chapter=\count96
LaTeX Font Info:    Redeclaring math symbol \Gamma on input line 362.
LaTeX Font Info:    Redeclaring math symbol \Delta on input line 363.
LaTeX Font Info:    Redeclaring math symbol \Theta on input line 364.
LaTeX Font Info:    Redeclaring math symbol \Lambda on input line 365.
LaTeX Font Info:    Redeclaring math symbol \Xi on input line 366.
LaTeX Font Info:    Redeclaring math symbol \Pi on input line 367.
LaTeX Font Info:    Redeclaring math symbol \Sigma on input line 368.
LaTeX Font Info:    Redeclaring math symbol \Upsilon on input line 369.
LaTeX Font Info:    Redeclaring math symbol \Phi on input line 370.
LaTeX Font Info:    Redeclaring math symbol \Psi on input line 371.
LaTeX Font Info:    Redeclaring math symbol \Omega on input line 372.
\tocchpnum=\dimen111
\tocsecnum=\dimen112
\tocsectotal=\dimen113
\tocsubsecnum=\dimen114
\tocsubsectotal=\dimen115
\tocsubsubsecnum=\dimen116
\tocsubsubsectotal=\dimen117
\tocparanum=\dimen118
\tocparatotal=\dimen119
\tocsubparanum=\dimen120
\@tempcntc=\count97
\fnindent=\dimen121
\c@@inst=\count98
\c@@auth=\count99
\c@auco=\count100
\instindent=\dimen122
\authrun=\box52
\authorrunning=\toks14
\tocauthor=\toks15
\titrun=\box53
\titlerunning=\toks16
\toctitle=\toks17
\c@theorem=\count101
\c@case=\count102
\c@conjecture=\count103
\c@corollary=\count104
\c@definition=\count105
\c@example=\count106
\c@exercise=\count107
\c@lemma=\count108
\c@note=\count109
\c@problem=\count110
\c@property=\count111
\c@proposition=\count112
\c@question=\count113
\c@solution=\count114
\c@remark=\count115
\headlineindent=\dimen123
) (C:\CTEX\MiKTeX\tex\latex\graphics\graphicx.sty
Package: graphicx 1999/02/16 v1.0f Enhanced LaTeX Graphics (DPC,SPQR)
 (C:\CTEX\MiKTeX\tex\latex\graphics\keyval.sty
Package: keyval 1999/03/16 v1.13 key=value parser (DPC)
\KV@toks@=\toks18
) (C:\CTEX\MiKTeX\tex\latex\graphics\graphics.sty
Package: graphics 2009/02/05 v1.0o Standard LaTeX Graphics (DPC,SPQR)
 (C:\CTEX\MiKTeX\tex\latex\graphics\trig.sty
Package: trig 1999/03/16 v1.09 sin cos tan (DPC)
) (C:\CTEX\MiKTeX\tex\latex\00miktex\graphics.cfg
File: graphics.cfg 2007/01/18 v1.5 graphics configuration of teTeX/TeXLive
)
Package graphics Info: Driver file: pdftex.def on input line 91.
 (C:\CTEX\MiKTeX\tex\latex\pdftex-def\pdftex.def
File: pdftex.def 2011/05/27 v0.06d Graphics/color for pdfTeX
 (C:\CTEX\MiKTeX\tex\generic\oberdiek\infwarerr.sty
Package: infwarerr 2010/04/08 v1.3 Providing info/warning/message (HO)
) (C:\CTEX\MiKTeX\tex\generic\oberdiek\ltxcmds.sty
Package: ltxcmds 2011/04/18 v1.20 LaTeX kernel commands for general use (HO)
)
\Gread@gobject=\count116
))
\Gin@req@height=\dimen124
\Gin@req@width=\dimen125
) (C:\CTEX\MiKTeX\tex\latex\ltxmisc\url.sty
\Urlmuskip=\muskip10
Package: url 2006/04/12  ver 3.3  Verb mode for urls, etc.
) (C:\CTEX\MiKTeX\tex\latex\mh\mathtools.sty
Package: mathtools 2011/04/06 v1.11 mathematical typesetting tools
 (C:\CTEX\MiKTeX\tex\latex\tools\calc.sty
Package: calc 2007/08/22 v4.3 Infix arithmetic (KKT,FJ)
\calc@Acount=\count117
\calc@Bcount=\count118
\calc@Adimen=\dimen126
\calc@Bdimen=\dimen127
\calc@Askip=\skip45
\calc@Bskip=\skip46
LaTeX Info: Redefining \setlength on input line 76.
LaTeX Info: Redefining \addtolength on input line 77.
\calc@Ccount=\count119
\calc@Cskip=\skip47
) (C:\CTEX\MiKTeX\tex\latex\mh\mhsetup.sty
Package: mhsetup 2010/01/21 v1.2a programming setup (MH)
) (C:\CTEX\MiKTeX\tex\latex\ams\math\amsmath.sty
Package: amsmath 2000/07/18 v2.13 AMS math features
\@mathmargin=\skip48

For additional information on amsmath, use the `?' option.
(C:\CTEX\MiKTeX\tex\latex\ams\math\amstext.sty
Package: amstext 2000/06/29 v2.01
 (C:\CTEX\MiKTeX\tex\latex\ams\math\amsgen.sty
File: amsgen.sty 1999/11/30 v2.0
\@emptytoks=\toks19
\ex@=\dimen128
)) (C:\CTEX\MiKTeX\tex\latex\ams\math\amsbsy.sty
Package: amsbsy 1999/11/29 v1.2d
\pmbraise@=\dimen129
) (C:\CTEX\MiKTeX\tex\latex\ams\math\amsopn.sty
Package: amsopn 1999/12/14 v2.01 operator names
)
\inf@bad=\count120
LaTeX Info: Redefining \frac on input line 211.
\uproot@=\count121
\leftroot@=\count122
LaTeX Info: Redefining \overline on input line 307.
\classnum@=\count123
\DOTSCASE@=\count124
LaTeX Info: Redefining \ldots on input line 379.
LaTeX Info: Redefining \dots on input line 382.
LaTeX Info: Redefining \cdots on input line 467.
\Mathstrutbox@=\box54
\strutbox@=\box55
\big@size=\dimen130
LaTeX Font Info:    Redeclaring font encoding OML on input line 567.
LaTeX Font Info:    Redeclaring font encoding OMS on input line 568.


Package amsmath Warning: Unable to redefine math accent \vec.

\macc@depth=\count125
\c@MaxMatrixCols=\count126
\dotsspace@=\muskip11
\c@parentequation=\count127
\dspbrk@lvl=\count128
\tag@help=\toks20
\row@=\count129
\column@=\count130
\maxfields@=\count131
\andhelp@=\toks21
\eqnshift@=\dimen131
\alignsep@=\dimen132
\tagshift@=\dimen133
\tagwidth@=\dimen134
\totwidth@=\dimen135
\lineht@=\dimen136
\@envbody=\toks22
\multlinegap=\skip49
\multlinetaggap=\skip50
\mathdisplay@stack=\toks23
LaTeX Info: Redefining \[ on input line 2666.
LaTeX Info: Redefining \] on input line 2667.
)
\g_MT_multlinerow_int=\count132
\l_MT_multwidth_dim=\dimen137
\origjot=\skip51
\l_MT_shortvdotswithinadjustabove_dim=\dimen138
\l_MT_shortvdotswithinadjustbelow_dim=\dimen139
) (c:\Users\WangQL\OneDrive\Documents\Medic\Pneumonia\MMDD_V4\samplepaper.aux

LaTeX Warning: Label `ctimagedata' multiply defined.


LaTeX Warning: Label `MMDD' multiply defined.

)
LaTeX Font Info:    Checking defaults for OML/cmm/m/it on input line 18.
LaTeX Font Info:    ... okay on input line 18.
LaTeX Font Info:    Checking defaults for T1/cmr/m/n on input line 18.
LaTeX Font Info:    ... okay on input line 18.
LaTeX Font Info:    Checking defaults for OT1/cmr/m/n on input line 18.
LaTeX Font Info:    ... okay on input line 18.
LaTeX Font Info:    Checking defaults for OMS/cmsy/m/n on input line 18.
LaTeX Font Info:    ... okay on input line 18.
LaTeX Font Info:    Checking defaults for OMX/cmex/m/n on input line 18.
LaTeX Font Info:    ... okay on input line 18.
LaTeX Font Info:    Checking defaults for U/cmr/m/n on input line 18.
LaTeX Font Info:    ... okay on input line 18.
 (C:\CTEX\MiKTeX\tex\context\base\supp-pdf.mkii
[Loading MPS to PDF converter (version 2006.09.02).]
\scratchcounter=\count133
\scratchdimen=\dimen140
\scratchbox=\box56
\nofMPsegments=\count134
\nofMParguments=\count135
\everyMPshowfont=\toks24
\MPscratchCnt=\count136
\MPscratchDim=\dimen141
\MPnumerator=\count137
\makeMPintoPDFobject=\count138
\everyMPtoPDFconversion=\toks25
)
LaTeX Font Info:    Try loading font information for OMS+cmr on input line 47.
 (C:\CTEX\MiKTeX\tex\latex\base\omscmr.fd
File: omscmr.fd 1999/05/25 v2.5h Standard LaTeX font definitions
)
LaTeX Font Info:    Font shape `OMS/cmr/m/n' in size <9> not available
(Font)              Font shape `OMS/cmsy/m/n' tried instead on input line 47.
 [1

{C:/CTEX/UserData/pdftex/config/pdftex.map{Unicode.sfd}{UGBK.sfd}}]
Underfull \vbox (badness 10000) has occurred while \output is active []

 [2] [3] <reader.pdf, id=18, 963.6pt x 542.025pt>
File: reader.pdf Graphic file (type pdf)
 <use reader.pdf>
Package pdftex.def Info: reader.pdf used on input line 87.
(pdftex.def)             Requested size: 426.79134pt x 240.06314pt.
 [4 <c:/Users/WangQL/OneDrive/Documents/Medic/Pneumonia/MMDD_V4/reader.pdf>] <Bs.pdf, id=29, 963.6pt x 542.025pt>
File: Bs.pdf Graphic file (type pdf)
 <use Bs.pdf>
Package pdftex.def Info: Bs.pdf used on input line 101.
(pdftex.def)             Requested size: 284.52756pt x 160.04485pt.


pdfTeX warning: pdflatex (file c:/Users/WangQL/OneDrive/Documents/Medic/Pneumonia/MMDD_V4/NumberofDifferentConvolutionKernel.pdf): PDF inclusion: found PDF version <1.7>, but at most version <1.5> allowed
<NumberofDifferentConvolutionKernel.pdf, id=30, 722.7pt x 542.025pt>
File: NumberofDifferentConvolutionKernel.pdf Graphic file (type pdf)
 <use NumberofDifferentConvolutionKernel.pdf>
Package pdftex.def Info: NumberofDifferentConvolutionKernel.pdf used on input line 119.
(pdftex.def)             Requested size: 284.52756pt x 213.39865pt.
 [5 <c:/Users/WangQL/OneDrive/Documents/Medic/Pneumonia/MMDD_V4/Bs.pdf>] [6 <c:/Users/WangQL/OneDrive/Documents/Medic/Pneumonia/MMDD_V4/NumberofDifferentConvolutionKernel.pdf>]

pdfTeX warning: pdflatex (file c:/Users/WangQL/OneDrive/Documents/Medic/Pneumonia/MMDD_V4/3channel.pdf): PDF inclusion: found PDF version <1.7>, but at most version <1.5> allowed
<3channel.pdf, id=62, 722.7pt x 853.50871pt>
File: 3channel.pdf Graphic file (type pdf)
 <use 3channel.pdf>
Package pdftex.def Info: 3channel.pdf used on input line 163.
(pdftex.def)             Requested size: 284.52756pt x 336.03177pt.
 [7 <c:/Users/WangQL/OneDrive/Documents/Medic/Pneumonia/MMDD_V4/3channel.pdf>]

pdfTeX warning: pdflatex (file c:/Users/WangQL/OneDrive/Documents/Medic/Pneumonia/MMDD_V4/textinfo.pdf): PDF inclusion: found PDF version <1.7>, but at most version <1.5> allowed
<textinfo.pdf, id=101, 711.25723pt x 426.8748pt>
File: textinfo.pdf Graphic file (type pdf)
 <use textinfo.pdf>
Package pdftex.def Info: textinfo.pdf used on input line 180.
(pdftex.def)             Requested size: 256.0748pt x 153.68784pt.
 [8 <c:/Users/WangQL/OneDrive/Documents/Medic/Pneumonia/MMDD_V4/textinfo.pdf>]

pdfTeX warning: pdflatex (file c:/Users/WangQL/OneDrive/Documents/Medic/Pneumonia/MMDD_V4/gap.pdf): PDF inclusion: found PDF version <1.7>, but at most version <1.5> allowed
<gap.pdf, id=123, 963.6pt x 542.025pt>
File: gap.pdf Graphic file (type pdf)
 <use gap.pdf>
Package pdftex.def Info: gap.pdf used on input line 213.
(pdftex.def)             Requested size: 284.52756pt x 160.04485pt.
 [9]
Underfull \vbox (badness 2012) has occurred while \output is active []

 [10 <c:/Users/WangQL/OneDrive/Documents/Medic/Pneumonia/MMDD_V4/gap.pdf>]

pdfTeX warning: pdflatex (file c:/Users/WangQL/OneDrive/Documents/Medic/Pneumonia/MMDD_V4/MMDD.pdf): PDF inclusion: found PDF version <1.7>, but at most version <1.5> allowed
<MMDD.pdf, id=140, 853.50871pt x 569.0058pt>
File: MMDD.pdf Graphic file (type pdf)
 <use MMDD.pdf>
Package pdftex.def Info: MMDD.pdf used on input line 250.
(pdftex.def)             Requested size: 369.88582pt x 246.58652pt.


pdfTeX warning: pdflatex (file c:/Users/WangQL/OneDrive/Documents/Medic/Pneumonia/MMDD_V4/onestream.pdf): PDF inclusion: found PDF version <1.7>, but at most version <1.5> allowed
<onestream.pdf, id=141, 963.6pt x 542.025pt>
File: onestream.pdf Graphic file (type pdf)
 <use onestream.pdf>
Package pdftex.def Info: onestream.pdf used on input line 284.
(pdftex.def)             Requested size: 369.88582pt x 208.05583pt.
 [11]
Underfull \vbox (badness 10000) has occurred while \output is active []

 [12 <c:/Users/WangQL/OneDrive/Documents/Medic/Pneumonia/MMDD_V4/MMDD.pdf>] [13 <c:/Users/WangQL/OneDrive/Documents/Medic/Pneumonia/MMDD_V4/onestream.pdf>]

pdfTeX warning: pdflatex (file c:/Users/WangQL/OneDrive/Documents/Medic/Pneumonia/MMDD_V4/show.pdf): PDF inclusion: found PDF version <1.7>, but at most version <1.5> allowed
<show.pdf, id=211, 1394.20876pt x 1194.98447pt>
File: show.pdf Graphic file (type pdf)
 <use show.pdf>
Package pdftex.def Info: show.pdf used on input line 333.
(pdftex.def)             Requested size: 341.43306pt x 292.637pt.
 [14]
Underfull \vbox (badness 10000) has occurred while \output is active []

 [15 <c:/Users/WangQL/OneDrive/Documents/Medic/Pneumonia/MMDD_V4/show.pdf>]

pdfTeX warning: pdflatex (file c:/Users/WangQL/OneDrive/Documents/Medic/Pneumonia/MMDD_V4/aac.pdf): PDF inclusion: found PDF version <1.7>, but at most version <1.5> allowed
<aac.pdf, id=255, 722.7pt x 542.025pt>
File: aac.pdf Graphic file (type pdf)
 <use aac.pdf>
Package pdftex.def Info: aac.pdf used on input line 388.
(pdftex.def)             Requested size: 284.52756pt x 213.39865pt.


pdfTeX warning: pdflatex (file c:/Users/WangQL/OneDrive/Documents/Medic/Pneumonia/MMDD_V4/losses.pdf): PDF inclusion: found PDF version <1.7>, but at most version <1.5> allowed
<losses.pdf, id=256, 722.7pt x 542.025pt>
File: losses.pdf Graphic file (type pdf)
 <use losses.pdf>
Package pdftex.def Info: losses.pdf used on input line 396.
(pdftex.def)             Requested size: 284.52756pt x 213.39865pt.
 [16] [17 <c:/Users/WangQL/OneDrive/Documents/Medic/Pneumonia/MMDD_V4/aac.pdf>] (c:\Users\WangQL\OneDrive\Documents\Medic\Pneumonia\MMDD_V4\samplepaper.bbl
Underfull \vbox (badness 10000) has occurred while \output is active []

 [18 <c:/Users/WangQL/OneDrive/Documents/Medic/Pneumonia/MMDD_V4/losses.pdf>] [19]) [20] (c:\Users\WangQL\OneDrive\Documents\Medic\Pneumonia\MMDD_V4\samplepaper.aux)

LaTeX Warning: There were multiply-defined labels.

 ) 
Here is how much of TeX's memory you used:
 2822 strings out of 495354
 36793 string characters out of 3183859
 109554 words of memory out of 3000000
 5968 multiletter control sequences out of 15000+200000
 9066 words of font info for 33 fonts, out of 3000000 for 9000
 14 hyphenation exceptions out of 8191
 33i,10n,22p,1362b,322s stack positions out of 5000i,500n,10000p,200000b,50000s
<C:/CTEX/MiKTeX/fonts/type1/public/amsfonts/cm/cmbx10.pfb><C:/CTEX/MiKTeX/fonts/type1/public/amsfonts/cm/cmbx12.pfb><C:/CTEX/MiKTeX/fonts/type1/public/amsfonts/cm/cmbx9.pfb><C:/CTEX/MiKTeX/fonts/type1/public/amsfonts/cm/cmbxti10.pfb><C:/CTEX/MiKTeX/fonts/type1/public/amsfonts/cm/cmex10.pfb><C:/CTEX/MiKTeX/fonts/type1/public/amsfonts/cm/cmmi10.pfb><C:/CTEX/MiKTeX/fonts/type1/public/amsfonts/cm/cmmi7.pfb><C:/CTEX/MiKTeX/fonts/type1/public/amsfonts/cm/cmmi9.pfb><C:/CTEX/MiKTeX/fonts/type1/public/amsfonts/cm/cmr10.pfb><C:/CTEX/MiKTeX/fonts/type1/public/amsfonts/cm/cmr6.pfb><C:/CTEX/MiKTeX/fonts/type1/public/amsfonts/cm/cmr7.pfb><C:/CTEX/MiKTeX/fonts/type1/public/amsfonts/cm/cmr9.pfb><C:/CTEX/MiKTeX/fonts/type1/public/amsfonts/cm/cmsy10.pfb><C:/CTEX/MiKTeX/fonts/type1/public/amsfonts/cm/cmsy7.pfb><C:/CTEX/MiKTeX/fonts/type1/public/amsfonts/cm/cmsy9.pfb><C:/CTEX/MiKTeX/fonts/type1/public/amsfonts/cm/cmti9.pfb><C:/CTEX/MiKTeX/fonts/type1/public/amsfonts/cm/cmtt9.pfb>
Output written on samplepaper.pdf (20 pages, 1909111 bytes).
PDF statistics:
 348 PDF objects out of 1000 (max. 8388607)
 0 named destinations out of 1000 (max. 500000)
 56 words of extra memory for PDF output out of 10000 (max. 10000000)

