This is pdfTeX, Version 3.1415926-2.3-1.40.12 (MiKTeX 2.9) (preloaded format=pdflatex 2018.10.1)  5 JUN 2019 20:22
entering extended mode
**c:/Users/WangQL/OneDrive/Documents/Medic/Pneumonia/IEEE_V1/bare_jrnl
(c:/Users/WangQL/OneDrive/Documents/Medic/Pneumonia/IEEE_V1/bare_jrnl.tex
LaTeX2e <2011/06/27>
Babel <v3.8m> and hyphenation patterns for loaded.
(c:\Users\WangQL\OneDrive\Documents\Medic\Pneumonia\IEEE_V1\IEEEtran.cls
Document Class: IEEEtran 2015/08/26 V1.8b by Michael Shell
-- See the "IEEEtran_HOWTO" manual for usage information.
-- http://www.michaelshell.org/tex/ieeetran/
\@IEEEtrantmpdimenA=\dimen102
\@IEEEtrantmpdimenB=\dimen103
\@IEEEtrantmpdimenC=\dimen104
\@IEEEtrantmpcountA=\count79
\@IEEEtrantmpcountB=\count80
\@IEEEtrantmpcountC=\count81
\@IEEEtrantmptoksA=\toks14
LaTeX Font Info:    Try loading font information for OT1+ptm on input line 503.
(C:\CTEX\MiKTeX\tex\latex\psnfss\ot1ptm.fd
File: ot1ptm.fd 2001/06/04 font definitions for OT1/ptm.
)
-- Using 8.5in x 11in (letter) paper.
-- Using PDF output.
\@IEEEnormalsizeunitybaselineskip=\dimen105
-- This is a 10 point document.
\CLASSINFOnormalsizebaselineskip=\dimen106
\CLASSINFOnormalsizeunitybaselineskip=\dimen107
\IEEEnormaljot=\dimen108
LaTeX Font Info:    Font shape `OT1/ptm/bx/n' in size <5> not available
(Font)              Font shape `OT1/ptm/b/n' tried instead on input line 1090.
LaTeX Font Info:    Font shape `OT1/ptm/bx/it' in size <5> not available
(Font)              Font shape `OT1/ptm/b/it' tried instead on input line 1090.
LaTeX Font Info:    Font shape `OT1/ptm/bx/n' in size <7> not available
(Font)              Font shape `OT1/ptm/b/n' tried instead on input line 1090.
LaTeX Font Info:    Font shape `OT1/ptm/bx/it' in size <7> not available
(Font)              Font shape `OT1/ptm/b/it' tried instead on input line 1090.
LaTeX Font Info:    Font shape `OT1/ptm/bx/n' in size <8> not available
(Font)              Font shape `OT1/ptm/b/n' tried instead on input line 1090.
LaTeX Font Info:    Font shape `OT1/ptm/bx/it' in size <8> not available
(Font)              Font shape `OT1/ptm/b/it' tried instead on input line 1090.
LaTeX Font Info:    Font shape `OT1/ptm/bx/n' in size <9> not available
(Font)              Font shape `OT1/ptm/b/n' tried instead on input line 1090.
LaTeX Font Info:    Font shape `OT1/ptm/bx/it' in size <9> not available
(Font)              Font shape `OT1/ptm/b/it' tried instead on input line 1090.
LaTeX Font Info:    Font shape `OT1/ptm/bx/n' in size <10> not available
(Font)              Font shape `OT1/ptm/b/n' tried instead on input line 1090.
LaTeX Font Info:    Font shape `OT1/ptm/bx/it' in size <10> not available
(Font)              Font shape `OT1/ptm/b/it' tried instead on input line 1090.
LaTeX Font Info:    Font shape `OT1/ptm/bx/n' in size <11> not available
(Font)              Font shape `OT1/ptm/b/n' tried instead on input line 1090.
LaTeX Font Info:    Font shape `OT1/ptm/bx/it' in size <11> not available
(Font)              Font shape `OT1/ptm/b/it' tried instead on input line 1090.
LaTeX Font Info:    Font shape `OT1/ptm/bx/n' in size <12> not available
(Font)              Font shape `OT1/ptm/b/n' tried instead on input line 1090.
LaTeX Font Info:    Font shape `OT1/ptm/bx/it' in size <12> not available
(Font)              Font shape `OT1/ptm/b/it' tried instead on input line 1090.
LaTeX Font Info:    Font shape `OT1/ptm/bx/n' in size <17> not available
(Font)              Font shape `OT1/ptm/b/n' tried instead on input line 1090.
LaTeX Font Info:    Font shape `OT1/ptm/bx/it' in size <17> not available
(Font)              Font shape `OT1/ptm/b/it' tried instead on input line 1090.
LaTeX Font Info:    Font shape `OT1/ptm/bx/n' in size <20> not available
(Font)              Font shape `OT1/ptm/b/n' tried instead on input line 1090.
LaTeX Font Info:    Font shape `OT1/ptm/bx/it' in size <20> not available
(Font)              Font shape `OT1/ptm/b/it' tried instead on input line 1090.
LaTeX Font Info:    Font shape `OT1/ptm/bx/n' in size <24> not available
(Font)              Font shape `OT1/ptm/b/n' tried instead on input line 1090.
LaTeX Font Info:    Font shape `OT1/ptm/bx/it' in size <24> not available
(Font)              Font shape `OT1/ptm/b/it' tried instead on input line 1090.
\IEEEquantizedlength=\dimen109
\IEEEquantizedlengthdiff=\dimen110
\IEEEquantizedtextheightdiff=\dimen111
\IEEEilabelindentA=\dimen112
\IEEEilabelindentB=\dimen113
\IEEEilabelindent=\dimen114
\IEEEelabelindent=\dimen115
\IEEEdlabelindent=\dimen116
\IEEElabelindent=\dimen117
\IEEEiednormlabelsep=\dimen118
\IEEEiedmathlabelsep=\dimen119
\IEEEiedtopsep=\skip41
\c@section=\count82
\c@subsection=\count83
\c@subsubsection=\count84
\c@paragraph=\count85
\c@IEEEsubequation=\count86
\abovecaptionskip=\skip42
\belowcaptionskip=\skip43
\c@figure=\count87
\c@table=\count88
\@IEEEeqnnumcols=\count89
\@IEEEeqncolcnt=\count90
\@IEEEsubeqnnumrollback=\count91
\@IEEEquantizeheightA=\dimen120
\@IEEEquantizeheightB=\dimen121
\@IEEEquantizeheightC=\dimen122
\@IEEEquantizeprevdepth=\dimen123
\@IEEEquantizemultiple=\count92
\@IEEEquantizeboxA=\box26
\@IEEEtmpitemindent=\dimen124
\IEEEPARstartletwidth=\dimen125
\c@IEEEbiography=\count93
\@IEEEtranrubishbin=\box27
) (C:\CTEX\MiKTeX\tex\latex\graphics\graphicx.sty
Package: graphicx 1999/02/16 v1.0f Enhanced LaTeX Graphics (DPC,SPQR)
 (C:\CTEX\MiKTeX\tex\latex\graphics\keyval.sty
Package: keyval 1999/03/16 v1.13 key=value parser (DPC)
\KV@toks@=\toks15
) (C:\CTEX\MiKTeX\tex\latex\graphics\graphics.sty
Package: graphics 2009/02/05 v1.0o Standard LaTeX Graphics (DPC,SPQR)
 (C:\CTEX\MiKTeX\tex\latex\graphics\trig.sty
Package: trig 1999/03/16 v1.09 sin cos tan (DPC)
) (C:\CTEX\MiKTeX\tex\latex\00miktex\graphics.cfg
File: graphics.cfg 2007/01/18 v1.5 graphics configuration of teTeX/TeXLive
)
Package graphics Info: Driver file: pdftex.def on input line 91.
 (C:\CTEX\MiKTeX\tex\latex\pdftex-def\pdftex.def
File: pdftex.def 2011/05/27 v0.06d Graphics/color for pdfTeX
 (C:\CTEX\MiKTeX\tex\generic\oberdiek\infwarerr.sty
Package: infwarerr 2010/04/08 v1.3 Providing info/warning/message (HO)
) (C:\CTEX\MiKTeX\tex\generic\oberdiek\ltxcmds.sty
Package: ltxcmds 2011/04/18 v1.20 LaTeX kernel commands for general use (HO)
)
\Gread@gobject=\count94
))
\Gin@req@height=\dimen126
\Gin@req@width=\dimen127
) (C:\CTEX\MiKTeX\tex\latex\ltxmisc\url.sty
\Urlmuskip=\muskip10
Package: url 2006/04/12  ver 3.3  Verb mode for urls, etc.
) (C:\CTEX\MiKTeX\tex\latex\mh\mathtools.sty
Package: mathtools 2011/04/06 v1.11 mathematical typesetting tools
 (C:\CTEX\MiKTeX\tex\latex\tools\calc.sty
Package: calc 2007/08/22 v4.3 Infix arithmetic (KKT,FJ)
\calc@Acount=\count95
\calc@Bcount=\count96
\calc@Adimen=\dimen128
\calc@Bdimen=\dimen129
\calc@Askip=\skip44
\calc@Bskip=\skip45
LaTeX Info: Redefining \setlength on input line 76.
LaTeX Info: Redefining \addtolength on input line 77.
\calc@Ccount=\count97
\calc@Cskip=\skip46
) (C:\CTEX\MiKTeX\tex\latex\mh\mhsetup.sty
Package: mhsetup 2010/01/21 v1.2a programming setup (MH)
) (C:\CTEX\MiKTeX\tex\latex\ams\math\amsmath.sty
Package: amsmath 2000/07/18 v2.13 AMS math features
\@mathmargin=\skip47

For additional information on amsmath, use the `?' option.
(C:\CTEX\MiKTeX\tex\latex\ams\math\amstext.sty
Package: amstext 2000/06/29 v2.01
 (C:\CTEX\MiKTeX\tex\latex\ams\math\amsgen.sty
File: amsgen.sty 1999/11/30 v2.0
\@emptytoks=\toks16
\ex@=\dimen130
)) (C:\CTEX\MiKTeX\tex\latex\ams\math\amsbsy.sty
Package: amsbsy 1999/11/29 v1.2d
\pmbraise@=\dimen131
) (C:\CTEX\MiKTeX\tex\latex\ams\math\amsopn.sty
Package: amsopn 1999/12/14 v2.01 operator names
)
\inf@bad=\count98
LaTeX Info: Redefining \frac on input line 211.
\uproot@=\count99
\leftroot@=\count100
LaTeX Info: Redefining \overline on input line 307.
\classnum@=\count101
\DOTSCASE@=\count102
LaTeX Info: Redefining \ldots on input line 379.
LaTeX Info: Redefining \dots on input line 382.
LaTeX Info: Redefining \cdots on input line 467.
\Mathstrutbox@=\box28
\strutbox@=\box29
\big@size=\dimen132
LaTeX Font Info:    Redeclaring font encoding OML on input line 567.
LaTeX Font Info:    Redeclaring font encoding OMS on input line 568.
\macc@depth=\count103
\c@MaxMatrixCols=\count104
\dotsspace@=\muskip11
\c@parentequation=\count105
\dspbrk@lvl=\count106
\tag@help=\toks17
\row@=\count107
\column@=\count108
\maxfields@=\count109
\andhelp@=\toks18
\eqnshift@=\dimen133
\alignsep@=\dimen134
\tagshift@=\dimen135
\tagwidth@=\dimen136
\totwidth@=\dimen137
\lineht@=\dimen138
\@envbody=\toks19
\multlinegap=\skip48
\multlinetaggap=\skip49
\mathdisplay@stack=\toks20
LaTeX Info: Redefining \[ on input line 2666.
LaTeX Info: Redefining \] on input line 2667.
)
\g_MT_multlinerow_int=\count110
\l_MT_multwidth_dim=\dimen139
\origjot=\skip50
\l_MT_shortvdotswithinadjustabove_dim=\dimen140
\l_MT_shortvdotswithinadjustbelow_dim=\dimen141
) (c:\Users\WangQL\OneDrive\Documents\Medic\Pneumonia\IEEE_V1\bare_jrnl.aux

LaTeX Warning: Label `MMDD' multiply defined.


LaTeX Warning: Label `ctimagedata' multiply defined.

)
LaTeX Font Info:    Checking defaults for OML/cmm/m/it on input line 355.
LaTeX Font Info:    ... okay on input line 355.
LaTeX Font Info:    Checking defaults for T1/cmr/m/n on input line 355.
LaTeX Font Info:    ... okay on input line 355.
LaTeX Font Info:    Checking defaults for OT1/cmr/m/n on input line 355.
LaTeX Font Info:    ... okay on input line 355.
LaTeX Font Info:    Checking defaults for OMS/cmsy/m/n on input line 355.
LaTeX Font Info:    ... okay on input line 355.
LaTeX Font Info:    Checking defaults for OMX/cmex/m/n on input line 355.
LaTeX Font Info:    ... okay on input line 355.
LaTeX Font Info:    Checking defaults for U/cmr/m/n on input line 355.
LaTeX Font Info:    ... okay on input line 355.

-- Lines per column: 58 (exact).
(C:\CTEX\MiKTeX\tex\context\base\supp-pdf.mkii
[Loading MPS to PDF converter (version 2006.09.02).]
\scratchcounter=\count111
\scratchdimen=\dimen142
\scratchbox=\box30
\nofMPsegments=\count112
\nofMParguments=\count113
\everyMPshowfont=\toks21
\MPscratchCnt=\count114
\MPscratchDim=\dimen143
\MPnumerator=\count115
\makeMPintoPDFobject=\count116
\everyMPtoPDFconversion=\toks22
) [1{C:/CTEX/UserData/pdftex/config/pdftex.map{Unicode.sfd}{UGBK.sfd}}


]
Underfull \vbox (badness 5519) has occurred while \output is active []



pdfTeX warning: pdflatex (file c:/Users/WangQL/OneDrive/Documents/Medic/Pneumonia/IEEE_V1/gap.pdf): PDF inclusion: found PDF version <1.7>, but at most version <1.5> allowed
<gap.pdf, id=9, 963.6pt x 542.025pt>
File: gap.pdf Graphic file (type pdf)
 <use gap.pdf>
Package pdftex.def Info: gap.pdf used on input line 531.
(pdftex.def)             Requested size: 284.52756pt x 160.04485pt.
 [2 <c:/Users/WangQL/OneDrive/Documents/Medic/Pneumonia/IEEE_V1/gap.pdf>]

pdfTeX warning: pdflatex (file c:/Users/WangQL/OneDrive/Documents/Medic/Pneumonia/IEEE_V1/MMDD.pdf): PDF inclusion: found PDF version <1.7>, but at most version <1.5> allowed
<MMDD.pdf, id=23, 853.50871pt x 569.0058pt>
File: MMDD.pdf Graphic file (type pdf)
 <use MMDD.pdf>
Package pdftex.def Info: MMDD.pdf used on input line 580.
(pdftex.def)             Requested size: 455.24408pt x 303.49043pt.


pdfTeX warning: pdflatex (file c:/Users/WangQL/OneDrive/Documents/Medic/Pneumonia/IEEE_V1/onestream.pdf): PDF inclusion: found PDF version <1.7>, but at most version <1.5> allowed
<onestream.pdf, id=24, 963.6pt x 542.025pt>
File: onestream.pdf Graphic file (type pdf)
 <use onestream.pdf>
Package pdftex.def Info: onestream.pdf used on input line 615.
(pdftex.def)             Requested size: 426.79134pt x 240.06314pt.

Underfull \hbox (badness 10000) in paragraph at lines 624--625
[]\OT1/ptm/m/n/10 Moreover, we use C-N-N mod-el-s pre-trained on
 []


Underfull \hbox (badness 10000) in paragraph at lines 624--625
\OT1/ptm/m/n/10 ImageNet[[]]. Mod-el-s with-out pre-training is al-most
 []


Underfull \hbox (badness 2351) in paragraph at lines 624--625
\OT1/ptm/m/n/10 very s-low dur-ing train-ing. We test d-if-fer-ence R-C-NNs,
 []

[3] <reader.pdf, id=35, 963.6pt x 542.025pt>
File: reader.pdf Graphic file (type pdf)
 <use reader.pdf>
Package pdftex.def Info: reader.pdf used on input line 659.
(pdftex.def)             Requested size: 256.0748pt x 144.0412pt.
 [4 <c:/Users/WangQL/OneDrive/Documents/Medic/Pneumonia/IEEE_V1/MMDD.pdf> <c:/Users/WangQL/OneDrive/Documents/Medic/Pneumonia/IEEE_V1/reader.pdf>] <Bs.pdf, id=79, 963.6pt x 542.025pt>
File: Bs.pdf Graphic file (type pdf)
 <use Bs.pdf>
Package pdftex.def Info: Bs.pdf used on input line 673.
(pdftex.def)             Requested size: 284.52756pt x 160.04485pt.

Underfull \vbox (badness 1436) has occurred while \output is active []



pdfTeX warning: pdflatex (file c:/Users/WangQL/OneDrive/Documents/Medic/Pneumonia/IEEE_V1/NumberofDifferentConvolutionKernel.pdf): PDF inclusion: found PDF version <1.7>, but at most version <1.5> allowed
<NumberofDifferentConvolutionKernel.pdf, id=80, 722.7pt x 542.025pt>
File: NumberofDifferentConvolutionKernel.pdf Graphic file (type pdf)
 <use NumberofDifferentConvolutionKernel.pdf>
Package pdftex.def Info: NumberofDifferentConvolutionKernel.pdf used on input line 691.
(pdftex.def)             Requested size: 284.52756pt x 213.39865pt.
 [5 <c:/Users/WangQL/OneDrive/Documents/Medic/Pneumonia/IEEE_V1/onestream.pdf> <c:/Users/WangQL/OneDrive/Documents/Medic/Pneumonia/IEEE_V1/Bs.pdf>]

pdfTeX warning: pdflatex (file c:/Users/WangQL/OneDrive/Documents/Medic/Pneumonia/IEEE_V1/3channel.pdf): PDF inclusion: found PDF version <1.7>, but at most version <1.5> allowed
<3channel.pdf, id=115, 722.7pt x 853.50871pt>
File: 3channel.pdf Graphic file (type pdf)
 <use 3channel.pdf>
Package pdftex.def Info: 3channel.pdf used on input line 736.
(pdftex.def)             Requested size: 284.52756pt x 336.03177pt.

Underfull \vbox (badness 1142) has occurred while \output is active []

 [6 <c:/Users/WangQL/OneDrive/Documents/Medic/Pneumonia/IEEE_V1/NumberofDifferentConvolutionKernel.pdf> <c:/Users/WangQL/OneDrive/Documents/Medic/Pneumonia/IEEE_V1/3channel.pdf>]

pdfTeX warning: pdflatex (file c:/Users/WangQL/OneDrive/Documents/Medic/Pneumonia/IEEE_V1/textinfo.pdf): PDF inclusion: found PDF version <1.7>, but at most version <1.5> allowed
<textinfo.pdf, id=165, 711.25723pt x 426.8748pt>
File: textinfo.pdf Graphic file (type pdf)
 <use textinfo.pdf>
Package pdftex.def Info: textinfo.pdf used on input line 753.
(pdftex.def)             Requested size: 256.0748pt x 153.68784pt.


pdfTeX warning: pdflatex (file c:/Users/WangQL/OneDrive/Documents/Medic/Pneumonia/IEEE_V1/show.pdf): PDF inclusion: found PDF version <1.7>, but at most version <1.5> allowed
<show.pdf, id=166, 1280.38347pt x 1194.98447pt>
File: show.pdf Graphic file (type pdf)
 <use show.pdf>
Package pdftex.def Info: show.pdf used on input line 769.
(pdftex.def)             Requested size: 512.1496pt x 477.98532pt.
 [7 <c:/Users/WangQL/OneDrive/Documents/Medic/Pneumonia/IEEE_V1/textinfo.pdf>]
Underfull \vbox (badness 10000) has occurred while \output is active []

 [8 <c:/Users/WangQL/OneDrive/Documents/Medic/Pneumonia/IEEE_V1/show.pdf>]

pdfTeX warning: pdflatex (file c:/Users/WangQL/OneDrive/Documents/Medic/Pneumonia/IEEE_V1/aac.pdf): PDF inclusion: found PDF version <1.7>, but at most version <1.5> allowed
<aac.pdf, id=224, 722.7pt x 542.025pt>
File: aac.pdf Graphic file (type pdf)
 <use aac.pdf>
Package pdftex.def Info: aac.pdf used on input line 822.
(pdftex.def)             Requested size: 256.0748pt x 192.05217pt.


pdfTeX warning: pdflatex (file c:/Users/WangQL/OneDrive/Documents/Medic/Pneumonia/IEEE_V1/losses.pdf): PDF inclusion: found PDF version <1.7>, but at most version <1.5> allowed
<losses.pdf, id=225, 722.7pt x 542.025pt>
File: losses.pdf Graphic file (type pdf)
 <use losses.pdf>
Package pdftex.def Info: losses.pdf used on input line 830.
(pdftex.def)             Requested size: 256.0748pt x 192.05217pt.

Underfull \vbox (badness 1776) has occurred while \output is active []

 [9 <c:/Users/WangQL/OneDrive/Documents/Medic/Pneumonia/IEEE_V1/aac.pdf> <c:/Users/WangQL/OneDrive/Documents/Medic/Pneumonia/IEEE_V1/losses.pdf>]
Underfull \hbox (badness 4341) in paragraph at lines 1005--1006
[]\OT1/ptm/m/n/10 In this s-tudy, we pro-pose a nov-el mod-el, M-MD-
 []

(c:\Users\WangQL\OneDrive\Documents\Medic\Pneumonia\IEEE_V1\bare_jrnl.bbl
Underfull \hbox (badness 3482) in paragraph at lines 45--47
[]\OT1/ptm/m/n/8 ``Mesh: Med-i-cal sub-jec-t head-ings,'' $https : / / www . nlm . nih . gov / mesh /$
 []

) [10] [11

] (c:\Users\WangQL\OneDrive\Documents\Medic\Pneumonia\IEEE_V1\bare_jrnl.aux)

LaTeX Warning: There were multiply-defined labels.

 ) 
Here is how much of TeX's memory you used:
 3243 strings out of 495354
 48777 string characters out of 3183859
 121079 words of memory out of 3000000
 6388 multiletter control sequences out of 15000+200000
 47819 words of font info for 85 fonts, out of 3000000 for 9000
 17 hyphenation exceptions out of 8191
 33i,9n,31p,1314b,292s stack positions out of 5000i,500n,10000p,200000b,50000s
{C:/CTEX/MiKTeX/fonts/enc/dvips/fontname/8r.enc}<C:/CTEX/MiKTeX/fonts/type1/public/amsfonts/cm/cmex10.pfb><C:/CTEX/MiKTeX/fonts/type1/public/amsfonts/cm/cmmi10.pfb><C:/CTEX/MiKTeX/fonts/type1/public/amsfonts/cm/cmmi7.pfb><C:/CTEX/MiKTeX/fonts/type1/public/amsfonts/cm/cmmi8.pfb><C:/CTEX/MiKTeX/fonts/type1/public/amsfonts/cm/cmr10.pfb><C:/CTEX/MiKTeX/fonts/type1/public/amsfonts/cm/cmr7.pfb><C:/CTEX/MiKTeX/fonts/type1/public/amsfonts/cm/cmr8.pfb><C:/CTEX/MiKTeX/fonts/type1/public/amsfonts/cm/cmsy10.pfb><C:/CTEX/MiKTeX/fonts/type1/public/amsfonts/cm/cmsy7.pfb><C:/CTEX/MiKTeX/fonts/type1/public/amsfonts/cm/cmsy8.pfb><C:/CTEX/MiKTeX/fonts/type1/urw/times/utmb8a.pfb><C:/CTEX/MiKTeX/fonts/type1/urw/times/utmbi8a.pfb><C:/CTEX/MiKTeX/fonts/type1/urw/times/utmr8a.pfb><C:/CTEX/MiKTeX/fonts/type1/urw/times/utmri8a.pfb>
Output written on bare_jrnl.pdf (11 pages, 1703212 bytes).
PDF statistics:
 299 PDF objects out of 1000 (max. 8388607)
 0 named destinations out of 1000 (max. 500000)
 56 words of extra memory for PDF output out of 10000 (max. 10000000)

