This is pdfTeX, Version 3.14159265-2.6-1.40.19 (TeX Live 2018) (preloaded format=pdflatex 2018.10.2)  21 JUL 2019 22:25
entering extended mode
 restricted \write18 enabled.
 file:line:error style messages enabled.
 %&-line parsing enabled.
**/Users/wangql/OneDrive/Documents/Medic/MyDraft/Pneumonia_Detection/MPDNet_V1/bare_jrnl
(/Users/wangql/OneDrive/Documents/Medic/MyDraft/Pneumonia_Detection/MPDNet_V1/bare_jrnl.tex
LaTeX2e <2018-04-01> patch level 2
Babel <3.18> and hyphenation patterns for 84 language(s) loaded.
(./IEEEtran.cls
Document Class: IEEEtran 2015/08/26 V1.8b by Michael Shell
-- See the "IEEEtran_HOWTO" manual for usage information.
-- http://www.michaelshell.org/tex/ieeetran/
\@IEEEtrantmpdimenA=\dimen102
\@IEEEtrantmpdimenB=\dimen103
\@IEEEtrantmpdimenC=\dimen104
\@IEEEtrantmpcountA=\count80
\@IEEEtrantmpcountB=\count81
\@IEEEtrantmpcountC=\count82
\@IEEEtrantmptoksA=\toks14
LaTeX Font Info:    Try loading font information for OT1+ptm on input line 503.
(/usr/local/texlive/2018/texmf-dist/tex/latex/psnfss/ot1ptm.fd
File: ot1ptm.fd 2001/06/04 font definitions for OT1/ptm.
)
-- Using 8.5in x 11in (letter) paper.
-- Using PDF output.
\@IEEEnormalsizeunitybaselineskip=\dimen105
-- This is a 10 point document.
\CLASSINFOnormalsizebaselineskip=\dimen106
\CLASSINFOnormalsizeunitybaselineskip=\dimen107
\IEEEnormaljot=\dimen108
LaTeX Font Info:    Font shape `OT1/ptm/bx/n' in size <5> not available
(Font)              Font shape `OT1/ptm/b/n' tried instead on input line 1090.
LaTeX Font Info:    Font shape `OT1/ptm/bx/it' in size <5> not available
(Font)              Font shape `OT1/ptm/b/it' tried instead on input line 1090.
LaTeX Font Info:    Font shape `OT1/ptm/bx/n' in size <7> not available
(Font)              Font shape `OT1/ptm/b/n' tried instead on input line 1090.
LaTeX Font Info:    Font shape `OT1/ptm/bx/it' in size <7> not available
(Font)              Font shape `OT1/ptm/b/it' tried instead on input line 1090.
LaTeX Font Info:    Font shape `OT1/ptm/bx/n' in size <8> not available
(Font)              Font shape `OT1/ptm/b/n' tried instead on input line 1090.
LaTeX Font Info:    Font shape `OT1/ptm/bx/it' in size <8> not available
(Font)              Font shape `OT1/ptm/b/it' tried instead on input line 1090.
LaTeX Font Info:    Font shape `OT1/ptm/bx/n' in size <9> not available
(Font)              Font shape `OT1/ptm/b/n' tried instead on input line 1090.
LaTeX Font Info:    Font shape `OT1/ptm/bx/it' in size <9> not available
(Font)              Font shape `OT1/ptm/b/it' tried instead on input line 1090.
LaTeX Font Info:    Font shape `OT1/ptm/bx/n' in size <10> not available
(Font)              Font shape `OT1/ptm/b/n' tried instead on input line 1090.
LaTeX Font Info:    Font shape `OT1/ptm/bx/it' in size <10> not available
(Font)              Font shape `OT1/ptm/b/it' tried instead on input line 1090.
LaTeX Font Info:    Font shape `OT1/ptm/bx/n' in size <11> not available
(Font)              Font shape `OT1/ptm/b/n' tried instead on input line 1090.
LaTeX Font Info:    Font shape `OT1/ptm/bx/it' in size <11> not available
(Font)              Font shape `OT1/ptm/b/it' tried instead on input line 1090.
LaTeX Font Info:    Font shape `OT1/ptm/bx/n' in size <12> not available
(Font)              Font shape `OT1/ptm/b/n' tried instead on input line 1090.
LaTeX Font Info:    Font shape `OT1/ptm/bx/it' in size <12> not available
(Font)              Font shape `OT1/ptm/b/it' tried instead on input line 1090.
LaTeX Font Info:    Font shape `OT1/ptm/bx/n' in size <17> not available
(Font)              Font shape `OT1/ptm/b/n' tried instead on input line 1090.
LaTeX Font Info:    Font shape `OT1/ptm/bx/it' in size <17> not available
(Font)              Font shape `OT1/ptm/b/it' tried instead on input line 1090.
LaTeX Font Info:    Font shape `OT1/ptm/bx/n' in size <20> not available
(Font)              Font shape `OT1/ptm/b/n' tried instead on input line 1090.
LaTeX Font Info:    Font shape `OT1/ptm/bx/it' in size <20> not available
(Font)              Font shape `OT1/ptm/b/it' tried instead on input line 1090.
LaTeX Font Info:    Font shape `OT1/ptm/bx/n' in size <24> not available
(Font)              Font shape `OT1/ptm/b/n' tried instead on input line 1090.
LaTeX Font Info:    Font shape `OT1/ptm/bx/it' in size <24> not available
(Font)              Font shape `OT1/ptm/b/it' tried instead on input line 1090.
\IEEEquantizedlength=\dimen109
\IEEEquantizedlengthdiff=\dimen110
\IEEEquantizedtextheightdiff=\dimen111
\IEEEilabelindentA=\dimen112
\IEEEilabelindentB=\dimen113
\IEEEilabelindent=\dimen114
\IEEEelabelindent=\dimen115
\IEEEdlabelindent=\dimen116
\IEEElabelindent=\dimen117
\IEEEiednormlabelsep=\dimen118
\IEEEiedmathlabelsep=\dimen119
\IEEEiedtopsep=\skip41
\c@section=\count83
\c@subsection=\count84
\c@subsubsection=\count85
\c@paragraph=\count86
\c@IEEEsubequation=\count87
\abovecaptionskip=\skip42
\belowcaptionskip=\skip43
\c@figure=\count88
\c@table=\count89
\@IEEEeqnnumcols=\count90
\@IEEEeqncolcnt=\count91
\@IEEEsubeqnnumrollback=\count92
\@IEEEquantizeheightA=\dimen120
\@IEEEquantizeheightB=\dimen121
\@IEEEquantizeheightC=\dimen122
\@IEEEquantizeprevdepth=\dimen123
\@IEEEquantizemultiple=\count93
\@IEEEquantizeboxA=\box26
\@IEEEtmpitemindent=\dimen124
\IEEEPARstartletwidth=\dimen125
\c@IEEEbiography=\count94
\@IEEEtranrubishbin=\box27
) (/usr/local/texlive/2018/texmf-dist/tex/latex/graphics/graphicx.sty
Package: graphicx 2017/06/01 v1.1a Enhanced LaTeX Graphics (DPC,SPQR)
 (/usr/local/texlive/2018/texmf-dist/tex/latex/graphics/keyval.sty
Package: keyval 2014/10/28 v1.15 key=value parser (DPC)
\KV@toks@=\toks15
) (/usr/local/texlive/2018/texmf-dist/tex/latex/graphics/graphics.sty
Package: graphics 2017/06/25 v1.2c Standard LaTeX Graphics (DPC,SPQR)
 (/usr/local/texlive/2018/texmf-dist/tex/latex/graphics/trig.sty
Package: trig 2016/01/03 v1.10 sin cos tan (DPC)
) (/usr/local/texlive/2018/texmf-dist/tex/latex/graphics-cfg/graphics.cfg
File: graphics.cfg 2016/06/04 v1.11 sample graphics configuration
)
Package graphics Info: Driver file: pdftex.def on input line 99.
 (/usr/local/texlive/2018/texmf-dist/tex/latex/graphics-def/pdftex.def
File: pdftex.def 2018/01/08 v1.0l Graphics/color driver for pdftex
))
\Gin@req@height=\dimen126
\Gin@req@width=\dimen127
) (/usr/local/texlive/2018/texmf-dist/tex/latex/url/url.sty
\Urlmuskip=\muskip10
Package: url 2013/09/16  ver 3.4  Verb mode for urls, etc.
) (/usr/local/texlive/2018/texmf-dist/tex/latex/mathtools/mathtools.sty
Package: mathtools 2018/01/08 v1.21 mathematical typesetting tools
 (/usr/local/texlive/2018/texmf-dist/tex/latex/tools/calc.sty
Package: calc 2017/05/25 v4.3 Infix arithmetic (KKT,FJ)
\calc@Acount=\count95
\calc@Bcount=\count96
\calc@Adimen=\dimen128
\calc@Bdimen=\dimen129
\calc@Askip=\skip44
\calc@Bskip=\skip45
LaTeX Info: Redefining \setlength on input line 80.
LaTeX Info: Redefining \addtolength on input line 81.
\calc@Ccount=\count97
\calc@Cskip=\skip46
) (/usr/local/texlive/2018/texmf-dist/tex/latex/mathtools/mhsetup.sty
Package: mhsetup 2017/03/31 v1.3 programming setup (MH)
) (/usr/local/texlive/2018/texmf-dist/tex/latex/amsmath/amsmath.sty
Package: amsmath 2017/09/02 v2.17a AMS math features
\@mathmargin=\skip47

For additional information on amsmath, use the `?' option.
(/usr/local/texlive/2018/texmf-dist/tex/latex/amsmath/amstext.sty
Package: amstext 2000/06/29 v2.01 AMS text
 (/usr/local/texlive/2018/texmf-dist/tex/latex/amsmath/amsgen.sty
File: amsgen.sty 1999/11/30 v2.0 generic functions
\@emptytoks=\toks16
\ex@=\dimen130
)) (/usr/local/texlive/2018/texmf-dist/tex/latex/amsmath/amsbsy.sty
Package: amsbsy 1999/11/29 v1.2d Bold Symbols
\pmbraise@=\dimen131
) (/usr/local/texlive/2018/texmf-dist/tex/latex/amsmath/amsopn.sty
Package: amsopn 2016/03/08 v2.02 operator names
)
\inf@bad=\count98
LaTeX Info: Redefining \frac on input line 213.
\uproot@=\count99
\leftroot@=\count100
LaTeX Info: Redefining \overline on input line 375.
\classnum@=\count101
\DOTSCASE@=\count102
LaTeX Info: Redefining \ldots on input line 472.
LaTeX Info: Redefining \dots on input line 475.
LaTeX Info: Redefining \cdots on input line 596.
\Mathstrutbox@=\box28
\strutbox@=\box29
\big@size=\dimen132
LaTeX Font Info:    Redeclaring font encoding OML on input line 712.
LaTeX Font Info:    Redeclaring font encoding OMS on input line 713.
\macc@depth=\count103
\c@MaxMatrixCols=\count104
\dotsspace@=\muskip11
\c@parentequation=\count105
\dspbrk@lvl=\count106
\tag@help=\toks17
\row@=\count107
\column@=\count108
\maxfields@=\count109
\andhelp@=\toks18
\eqnshift@=\dimen133
\alignsep@=\dimen134
\tagshift@=\dimen135
\tagwidth@=\dimen136
\totwidth@=\dimen137
\lineht@=\dimen138
\@envbody=\toks19
\multlinegap=\skip48
\multlinetaggap=\skip49
\mathdisplay@stack=\toks20
LaTeX Info: Redefining \[ on input line 2817.
LaTeX Info: Redefining \] on input line 2818.
)
LaTeX Info: Thecontrolsequence`\('isalreadyrobust on input line 129.
LaTeX Info: Thecontrolsequence`\)'isalreadyrobust on input line 129.
LaTeX Info: Thecontrolsequence`\['isalreadyrobust on input line 129.
LaTeX Info: Thecontrolsequence`\]'isalreadyrobust on input line 129.
\g_MT_multlinerow_int=\count110
\l_MT_multwidth_dim=\dimen139
\origjot=\skip50
\l_MT_shortvdotswithinadjustabove_dim=\dimen140
\l_MT_shortvdotswithinadjustbelow_dim=\dimen141
\l_MT_above_intertext_sep=\dimen142
\l_MT_below_intertext_sep=\dimen143
\l_MT_above_shortintertext_sep=\dimen144
\l_MT_below_shortintertext_sep=\dimen145
) (/usr/local/texlive/2018/texmf-dist/tex/latex/cjk/texinput/CJK.sty
Package: CJK 2015/04/18 4.8.4
 (/usr/local/texlive/2018/texmf-dist/tex/latex/cjk/texinput/mule/MULEenc.sty
Package: MULEenc 2015/04/18 4.8.4
) (/usr/local/texlive/2018/texmf-dist/tex/latex/cjk/texinput/CJK.enc
File: CJK.enc 2015/04/18 4.8.4
Now handling font encoding C00 ...
... no UTF-8 mapping file for font encoding C00
Now handling font encoding C05 ...
... no UTF-8 mapping file for font encoding C05
Now handling font encoding C09 ...
... no UTF-8 mapping file for font encoding C09
Now handling font encoding C10 ...
... no UTF-8 mapping file for font encoding C10
Now handling font encoding C20 ...
... no UTF-8 mapping file for font encoding C20
Now handling font encoding C19 ...
... no UTF-8 mapping file for font encoding C19
Now handling font encoding C40 ...
... no UTF-8 mapping file for font encoding C40
Now handling font encoding C42 ...
... no UTF-8 mapping file for font encoding C42
Now handling font encoding C43 ...
... no UTF-8 mapping file for font encoding C43
Now handling font encoding C50 ...
... no UTF-8 mapping file for font encoding C50
Now handling font encoding C52 ...
... no UTF-8 mapping file for font encoding C52
Now handling font encoding C49 ...
... no UTF-8 mapping file for font encoding C49
Now handling font encoding C60 ...
... no UTF-8 mapping file for font encoding C60
Now handling font encoding C61 ...
... no UTF-8 mapping file for font encoding C61
Now handling font encoding C63 ...
... no UTF-8 mapping file for font encoding C63
Now handling font encoding C64 ...
... no UTF-8 mapping file for font encoding C64
Now handling font encoding C65 ...
... no UTF-8 mapping file for font encoding C65
Now handling font encoding C70 ...
... no UTF-8 mapping file for font encoding C70
Now handling font encoding C31 ...
... no UTF-8 mapping file for font encoding C31
Now handling font encoding C32 ...
... no UTF-8 mapping file for font encoding C32
Now handling font encoding C33 ...
... no UTF-8 mapping file for font encoding C33
Now handling font encoding C34 ...
... no UTF-8 mapping file for font encoding C34
Now handling font encoding C35 ...
... no UTF-8 mapping file for font encoding C35
Now handling font encoding C36 ...
... no UTF-8 mapping file for font encoding C36
Now handling font encoding C37 ...
... no UTF-8 mapping file for font encoding C37
Now handling font encoding C80 ...
... no UTF-8 mapping file for font encoding C80
Now handling font encoding C81 ...
... no UTF-8 mapping file for font encoding C81
Now handling font encoding C01 ...
... no UTF-8 mapping file for font encoding C01
Now handling font encoding C11 ...
... no UTF-8 mapping file for font encoding C11
Now handling font encoding C21 ...
... no UTF-8 mapping file for font encoding C21
Now handling font encoding C41 ...
... no UTF-8 mapping file for font encoding C41
Now handling font encoding C62 ...
... no UTF-8 mapping file for font encoding C62
)
LaTeX Info: Redefining \selectfont on input line 755.
\CJK@indent=\box30
) (/usr/local/texlive/2018/texmf-dist/tex/latex/subfigure/subfigure.sty
Package: subfigure 2002/03/15 v2.1.5 subfigure package
\subfigtopskip=\skip51
\subfigcapskip=\skip52
\subfigcaptopadj=\dimen146
\subfigbottomskip=\skip53
\subfigcapmargin=\dimen147
\subfiglabelskip=\skip54
\c@subfigure=\count111
\c@lofdepth=\count112
\c@subtable=\count113
\c@lotdepth=\count114

****************************************
* Local config file subfigure.cfg used *
****************************************
(/usr/local/texlive/2018/texmf-dist/tex/latex/subfigure/subfigure.cfg)
\subfig@top=\skip55
\subfig@bottom=\skip56
) (/usr/local/texlive/2018/texmf-dist/tex/latex/cite/cite.sty
LaTeX Info: Redefining \cite on input line 302.
LaTeX Info: Redefining \nocite on input line 332.
Package: cite 2015/02/27  v 5.5
) (/usr/local/texlive/2018/texmf-dist/tex/latex/floatrow/floatrow.sty
Package: floatrow 2008/08/02 v0.3b floatrow: float package extension
 (/usr/local/texlive/2018/texmf-dist/tex/latex/caption/caption3.sty
Package: caption3 2016/05/22 v1.7-166 caption3 kernel (AR)
Package caption3 Info: TeX engine: e-TeX on input line 67.
\captionmargin=\dimen148
\captionmargin@=\dimen149
\captionwidth=\dimen150
\caption@tempdima=\dimen151
\caption@indent=\dimen152
\caption@parindent=\dimen153
\caption@hangindent=\dimen154
Package caption Info: Unknown document class (or package),
(caption)             standard defaults will be used.
)
\c@float@type=\count115
\float@exts=\toks21
\float@box=\box31
\@floatcapt=\box32
Package floatrow Info: Modified float package code loaded on input line 455.
Package floatrow Info: Modified rotfloat package code loaded on input line 473.
\FR@everyfloat=\toks22
\flrow@foot=\insert199
\FB@wd=\dimen155
\FBo@wd=\dimen156
\FBc@wd=\dimen157
\FBo@ht=\skip57
\FBc@ht=\skip58
\FBf@ht=\skip59
\FBo@max=\skip60
\FBc@max=\skip61
\FBf@max=\skip62
\c@FBl@b=\count116
\floatbox@depth=\count117
\c@FRobj=\count118
\c@FRsobj=\count119
\Xhsize=\skip63
\sXhsize=\skip64
\Zhsize=\skip65
\sZhsize=\skip66
\flrow@rowbox=\box33
\FR@Zunitlength=\dimen158
\c@FBcnt=\count120
\FPOScnt=\count121
\LTleft=\skip67
\LTright=\skip68
\LTleft=\skip69
\LTright=\skip70
\flrow@types=\toks23
) (./bare_jrnl.aux

LaTeX Warning: Label `ctimagedata' multiply defined.

)
\openout1 = `bare_jrnl.aux'.

LaTeX Font Info:    Checking defaults for OML/cmm/m/it on input line 310.
LaTeX Font Info:    ... okay on input line 310.
LaTeX Font Info:    Checking defaults for T1/cmr/m/n on input line 310.
LaTeX Font Info:    ... okay on input line 310.
LaTeX Font Info:    Checking defaults for OT1/cmr/m/n on input line 310.
LaTeX Font Info:    ... okay on input line 310.
LaTeX Font Info:    Checking defaults for OMS/cmsy/m/n on input line 310.
LaTeX Font Info:    ... okay on input line 310.
LaTeX Font Info:    Checking defaults for OMX/cmex/m/n on input line 310.
LaTeX Font Info:    ... okay on input line 310.
LaTeX Font Info:    Checking defaults for U/cmr/m/n on input line 310.
LaTeX Font Info:    ... okay on input line 310.
LaTeX Font Info:    Checking defaults for C00/song/m/n on input line 310.
LaTeX Font Info:    ... okay on input line 310.
LaTeX Font Info:    Checking defaults for C05/song/m/n on input line 310.
LaTeX Font Info:    ... okay on input line 310.
LaTeX Font Info:    Checking defaults for C09/song/m/n on input line 310.
LaTeX Font Info:    ... okay on input line 310.
LaTeX Font Info:    Checking defaults for C10/song/m/n on input line 310.
LaTeX Font Info:    ... okay on input line 310.
LaTeX Font Info:    Checking defaults for C20/song/m/n on input line 310.
LaTeX Font Info:    ... okay on input line 310.
LaTeX Font Info:    Checking defaults for C19/song/m/n on input line 310.
LaTeX Font Info:    ... okay on input line 310.
LaTeX Font Info:    Checking defaults for C40/song/m/n on input line 310.
LaTeX Font Info:    ... okay on input line 310.
LaTeX Font Info:    Checking defaults for C42/song/m/n on input line 310.
LaTeX Font Info:    ... okay on input line 310.
LaTeX Font Info:    Checking defaults for C43/song/m/n on input line 310.
LaTeX Font Info:    ... okay on input line 310.
LaTeX Font Info:    Checking defaults for C50/song/m/n on input line 310.
LaTeX Font Info:    ... okay on input line 310.
LaTeX Font Info:    Checking defaults for C52/song/m/n on input line 310.
LaTeX Font Info:    ... okay on input line 310.
LaTeX Font Info:    Checking defaults for C49/song/m/n on input line 310.
LaTeX Font Info:    ... okay on input line 310.
LaTeX Font Info:    Checking defaults for C60/mj/m/n on input line 310.
LaTeX Font Info:    ... okay on input line 310.
LaTeX Font Info:    Checking defaults for C61/mj/m/n on input line 310.
LaTeX Font Info:    ... okay on input line 310.
LaTeX Font Info:    Checking defaults for C63/mj/m/n on input line 310.
LaTeX Font Info:    ... okay on input line 310.
LaTeX Font Info:    Checking defaults for C64/mj/m/n on input line 310.
LaTeX Font Info:    ... okay on input line 310.
LaTeX Font Info:    Checking defaults for C65/mj/m/n on input line 310.
LaTeX Font Info:    ... okay on input line 310.
LaTeX Font Info:    Checking defaults for C70/song/m/n on input line 310.
LaTeX Font Info:    ... okay on input line 310.
LaTeX Font Info:    Checking defaults for C31/song/m/n on input line 310.
LaTeX Font Info:    ... okay on input line 310.
LaTeX Font Info:    Checking defaults for C32/song/m/n on input line 310.
LaTeX Font Info:    ... okay on input line 310.
LaTeX Font Info:    Checking defaults for C33/song/m/n on input line 310.
LaTeX Font Info:    ... okay on input line 310.
LaTeX Font Info:    Checking defaults for C34/song/m/n on input line 310.
LaTeX Font Info:    ... okay on input line 310.
LaTeX Font Info:    Checking defaults for C35/song/m/n on input line 310.
LaTeX Font Info:    ... okay on input line 310.
LaTeX Font Info:    Checking defaults for C36/song/m/n on input line 310.
LaTeX Font Info:    ... okay on input line 310.
LaTeX Font Info:    Checking defaults for C37/song/m/n on input line 310.
LaTeX Font Info:    ... okay on input line 310.
LaTeX Font Info:    Checking defaults for C80/song/m/n on input line 310.
LaTeX Font Info:    ... okay on input line 310.
LaTeX Font Info:    Checking defaults for C81/song/m/n on input line 310.
LaTeX Font Info:    ... okay on input line 310.
LaTeX Font Info:    Checking defaults for C01/song/m/n on input line 310.
LaTeX Font Info:    ... okay on input line 310.
LaTeX Font Info:    Checking defaults for C11/song/m/n on input line 310.
LaTeX Font Info:    ... okay on input line 310.
LaTeX Font Info:    Checking defaults for C21/song/m/n on input line 310.
LaTeX Font Info:    ... okay on input line 310.
LaTeX Font Info:    Checking defaults for C41/song/m/n on input line 310.
LaTeX Font Info:    ... okay on input line 310.
LaTeX Font Info:    Checking defaults for C62/song/m/n on input line 310.
LaTeX Font Info:    ... okay on input line 310.

-- Lines per column: 58 (exact).
(/usr/local/texlive/2018/texmf-dist/tex/context/base/mkii/supp-pdf.mkii
[Loading MPS to PDF converter (version 2006.09.02).]
\scratchcounter=\count122
\scratchdimen=\dimen159
\scratchbox=\box34
\nofMPsegments=\count123
\nofMParguments=\count124
\everyMPshowfont=\toks24
\MPscratchCnt=\count125
\MPscratchDim=\dimen160
\MPnumerator=\count126
\makeMPintoPDFobject=\count127
\everyMPtoPDFconversion=\toks25
) (/usr/local/texlive/2018/texmf-dist/tex/latex/oberdiek/epstopdf-base.sty
Package: epstopdf-base 2016/05/15 v2.6 Base part for package epstopdf
 (/usr/local/texlive/2018/texmf-dist/tex/generic/oberdiek/infwarerr.sty
Package: infwarerr 2016/05/16 v1.4 Providing info/warning/error messages (HO)
) (/usr/local/texlive/2018/texmf-dist/tex/latex/oberdiek/grfext.sty
Package: grfext 2016/05/16 v1.2 Manage graphics extensions (HO)
 (/usr/local/texlive/2018/texmf-dist/tex/generic/oberdiek/kvdefinekeys.sty
Package: kvdefinekeys 2016/05/16 v1.4 Define keys (HO)
 (/usr/local/texlive/2018/texmf-dist/tex/generic/oberdiek/ltxcmds.sty
Package: ltxcmds 2016/05/16 v1.23 LaTeX kernel commands for general use (HO)
))) (/usr/local/texlive/2018/texmf-dist/tex/latex/oberdiek/kvoptions.sty
Package: kvoptions 2016/05/16 v3.12 Key value format for package options (HO)
 (/usr/local/texlive/2018/texmf-dist/tex/generic/oberdiek/kvsetkeys.sty
Package: kvsetkeys 2016/05/16 v1.17 Key value parser (HO)
 (/usr/local/texlive/2018/texmf-dist/tex/generic/oberdiek/etexcmds.sty
Package: etexcmds 2016/05/16 v1.6 Avoid name clashes with e-TeX commands (HO)
 (/usr/local/texlive/2018/texmf-dist/tex/generic/oberdiek/ifluatex.sty
Package: ifluatex 2016/05/16 v1.4 Provides the ifluatex switch (HO)
Package ifluatex Info: LuaTeX not detected.
)
Package etexcmds Info: Could not find \expanded.
(etexcmds)             That can mean that you are not using pdfTeX 1.50 or
(etexcmds)             that some package has redefined \expanded.
(etexcmds)             In the latter case, load this package earlier.
))) (/usr/local/texlive/2018/texmf-dist/tex/generic/oberdiek/pdftexcmds.sty
Package: pdftexcmds 2018/01/30 v0.27 Utility functions of pdfTeX for LuaTeX (HO)
 (/usr/local/texlive/2018/texmf-dist/tex/generic/oberdiek/ifpdf.sty
Package: ifpdf 2017/03/15 v3.2 Provides the ifpdf switch
)
Package pdftexcmds Info: LuaTeX not detected.
Package pdftexcmds Info: \pdf@primitive is available.
Package pdftexcmds Info: \pdf@ifprimitive is available.
Package pdftexcmds Info: \pdfdraftmode found.
)
Package epstopdf-base Info: Redefining graphics rule for `.eps' on input line 438.
Package grfext Info: Graphics extension search list:
(grfext)             [.pdf,.png,.jpg,.mps,.jpeg,.jbig2,.jb2,.PDF,.PNG,.JPG,.JPEG,.JBIG2,.JB2,.eps]
(grfext)             \AppendGraphicsExtensions on input line 456.
 (/usr/local/texlive/2018/texmf-dist/tex/latex/latexconfig/epstopdf-sys.cfg
File: epstopdf-sys.cfg 2010/07/13 v1.3 Configuration of (r)epstopdf for TeX Live
))
Package caption Info: Begin \AtBeginDocument code.
Package caption Info: End \AtBeginDocument code.
 (/usr/local/texlive/2018/texmf-dist/tex/latex/graphics/color.sty
Package: color 2016/07/10 v1.1e Standard LaTeX Color (DPC)
 (/usr/local/texlive/2018/texmf-dist/tex/latex/graphics-cfg/color.cfg
File: color.cfg 2016/01/02 v1.6 sample color configuration
)
Package color Info: Driver file: pdftex.def on input line 147.
)
LaTeX Font Info:    Calculating math sizes for size <11> on input line 390.

Underfull \hbox (badness 3396) in paragraph at lines 390--390
[][][]\OT1/ptm/m/n/8 L. Chen is with the Ra-di-ol-ogy De-part-ment, The First Af-fil-i-ated
 []


Underfull \hbox (badness 1515) in paragraph at lines 390--390
\OT1/ptm/m/n/8 Hos-pi-tal of Army Med-i-cal Uni-ver-sity, 400032, Chongqing, China. E-
 []



pdfTeX warning: pdflatex (file ./MPD1.pdf): PDF inclusion: found PDF version <1.7>, but at most version <1.5> allowed
<MPD1.pdf, id=1, 739.80388pt x 284.62335pt>
File: MPD1.pdf Graphic file (type pdf)
<use MPD1.pdf>
Package pdftex.def Info: MPD1.pdf  used on input line 448.
(pdftex.def)             Requested size: 361.34999pt x 139.02367pt.

Overfull \hbox (3.50006pt too wide) in paragraph at lines 448--449
 [][] 
 []

<MPD2.pdf, id=2, 878.28125pt x 542.025pt>
File: MPD2.pdf Graphic file (type pdf)
<use MPD2.pdf>
Package pdftex.def Info: MPD2.pdf  used on input line 456.
(pdftex.def)             Requested size: 433.62pt x 267.6126pt.

Overfull \hbox (3.50006pt too wide) in paragraph at lines 456--459
 [][] 
 []

[1{/usr/local/texlive/2018/texmf-var/fonts/map/pdftex/updmap/pdftex.map}


]
Underfull \vbox (badness 10000) has occurred while \output is active []

 [2 <./MPD1.pdf> <./MPD2.pdf>]

pdfTeX warning: pdflatex (file ./Bs.pdf): PDF inclusion: found PDF version <1.7>, but at most version <1.5> allowed
<Bs.pdf, id=104, 398.32814pt x 381.34471pt>
File: Bs.pdf Graphic file (type pdf)
<use Bs.pdf>
Package pdftex.def Info: Bs.pdf  used on input line 502.
(pdftex.def)             Requested size: 256.0748pt x 245.16534pt.


pdfTeX warning: pdflatex (file ./3channel1.pdf): PDF inclusion: found PDF version <1.7>, but at most version <1.5> allowed
<3channel1.pdf, id=105, 753.89656pt x 542.025pt>
File: 3channel1.pdf Graphic file (type pdf)
<use 3channel1.pdf>
Package pdftex.def Info: 3channel1.pdf  used on input line 528.
(pdftex.def)             Requested size: 397.48499pt x 285.78316pt.

Overfull \hbox (3.50006pt too wide) in paragraph at lines 528--529
 [][] 
 []



pdfTeX warning: pdflatex (file ./3channel2.pdf): PDF inclusion: found PDF version <1.7>, but at most version <1.5> allowed
<3channel2.pdf, id=106, 711.25723pt x 284.62335pt>
File: 3channel2.pdf Graphic file (type pdf)
<use 3channel2.pdf>
Package pdftex.def Info: 3channel2.pdf  used on input line 536.
(pdftex.def)             Requested size: 397.48499pt x 159.06226pt.

Overfull \hbox (3.50006pt too wide) in paragraph at lines 536--540
 [][] 
 []

[3 <./Bs.pdf>] [4 <./3channel1.pdf> <./3channel2.pdf

pdfTeX warning: pdflatex (file ./3channel2.pdf): PDF inclusion: multiple pdfs with page group included in a single page
>]

pdfTeX warning: pdflatex (file ./show.pdf): PDF inclusion: found PDF version <1.7>, but at most version <1.5> allowed
<show.pdf, id=165, 1194.98447pt x 796.77673pt>
File: show.pdf Graphic file (type pdf)
<use show.pdf>
Package pdftex.def Info: show.pdf  used on input line 602.
(pdftex.def)             Requested size: 426.79134pt x 284.56589pt.
[5] (/usr/local/texlive/2018/texmf-dist/tex/latex/cjk/texinput/UTF8/UTF8.bdg
File: UTF8.bdg 2015/04/18 4.8.4
) (/usr/local/texlive/2018/texmf-dist/tex/latex/cjk/texinput/UTF8/UTF8.enc
File: UTF8.enc 2015/04/18 4.8.4
) (/usr/local/texlive/2018/texmf-dist/tex/latex/cjk/texinput/UTF8/UTF8.chr
File: UTF8.chr 2015/04/18 4.8.4
)
LaTeX Font Info:    Try loading font information for C70+gbsn on input line 635.
 (/usr/local/texlive/2018/texmf-dist/tex/latex/cjk/texinput/UTF8/c70gbsn.fd
File: c70gbsn.fd 2015/04/18 4.8.4
) (/usr/local/texlive/2018/texmf-dist/tex/latex/cjk/texinput/UTF8/c70gbsn.fdx
File: c70gbsn.fdx 2015/04/18 4.8.4
) (/usr/local/texlive/2018/texmf-dist/tex/latex/cjk/texinput/UTF8/UTF8.enc
File: UTF8.enc 2015/04/18 4.8.4
) (/usr/local/texlive/2018/texmf-dist/tex/latex/cjk/texinput/UTF8/UTF8.chr
File: UTF8.chr 2015/04/18 4.8.4
) (/usr/local/texlive/2018/texmf-dist/tex/latex/cjk/texinput/UTF8/UTF8.enc
File: UTF8.enc 2015/04/18 4.8.4
) (/usr/local/texlive/2018/texmf-dist/tex/latex/cjk/texinput/UTF8/UTF8.chr
File: UTF8.chr 2015/04/18 4.8.4
) (/usr/local/texlive/2018/texmf-dist/tex/latex/cjk/texinput/UTF8/UTF8.enc
File: UTF8.enc 2015/04/18 4.8.4
) (/usr/local/texlive/2018/texmf-dist/tex/latex/cjk/texinput/UTF8/UTF8.chr
File: UTF8.chr 2015/04/18 4.8.4
) (/usr/local/texlive/2018/texmf-dist/tex/latex/cjk/texinput/UTF8/UTF8.enc
File: UTF8.enc 2015/04/18 4.8.4
) (/usr/local/texlive/2018/texmf-dist/tex/latex/cjk/texinput/UTF8/UTF8.chr
File: UTF8.chr 2015/04/18 4.8.4
) (/usr/local/texlive/2018/texmf-dist/tex/latex/cjk/texinput/UTF8/UTF8.enc
File: UTF8.enc 2015/04/18 4.8.4
) (/usr/local/texlive/2018/texmf-dist/tex/latex/cjk/texinput/UTF8/UTF8.chr
File: UTF8.chr 2015/04/18 4.8.4
) (/usr/local/texlive/2018/texmf-dist/tex/latex/cjk/texinput/UTF8/UTF8.enc
File: UTF8.enc 2015/04/18 4.8.4
) (/usr/local/texlive/2018/texmf-dist/tex/latex/cjk/texinput/UTF8/UTF8.chr
File: UTF8.chr 2015/04/18 4.8.4
) (/usr/local/texlive/2018/texmf-dist/tex/latex/cjk/texinput/UTF8/UTF8.enc
File: UTF8.enc 2015/04/18 4.8.4
) (/usr/local/texlive/2018/texmf-dist/tex/latex/cjk/texinput/UTF8/UTF8.chr
File: UTF8.chr 2015/04/18 4.8.4
) (/usr/local/texlive/2018/texmf-dist/tex/latex/cjk/texinput/UTF8/UTF8.enc
File: UTF8.enc 2015/04/18 4.8.4
) (/usr/local/texlive/2018/texmf-dist/tex/latex/cjk/texinput/UTF8/UTF8.chr
File: UTF8.chr 2015/04/18 4.8.4
) (/usr/local/texlive/2018/texmf-dist/tex/latex/cjk/texinput/UTF8/UTF8.enc
File: UTF8.enc 2015/04/18 4.8.4
) (/usr/local/texlive/2018/texmf-dist/tex/latex/cjk/texinput/UTF8/UTF8.chr
File: UTF8.chr 2015/04/18 4.8.4
) (/usr/local/texlive/2018/texmf-dist/tex/latex/cjk/texinput/UTF8/UTF8.enc
File: UTF8.enc 2015/04/18 4.8.4
) (/usr/local/texlive/2018/texmf-dist/tex/latex/cjk/texinput/UTF8/UTF8.chr
File: UTF8.chr 2015/04/18 4.8.4
) (/usr/local/texlive/2018/texmf-dist/tex/latex/cjk/texinput/UTF8/UTF8.enc
File: UTF8.enc 2015/04/18 4.8.4
) (/usr/local/texlive/2018/texmf-dist/tex/latex/cjk/texinput/UTF8/UTF8.chr
File: UTF8.chr 2015/04/18 4.8.4
) (/usr/local/texlive/2018/texmf-dist/tex/latex/cjk/texinput/UTF8/UTF8.enc
File: UTF8.enc 2015/04/18 4.8.4
) (/usr/local/texlive/2018/texmf-dist/tex/latex/cjk/texinput/UTF8/UTF8.chr
File: UTF8.chr 2015/04/18 4.8.4
) (/usr/local/texlive/2018/texmf-dist/tex/latex/cjk/texinput/UTF8/UTF8.enc
File: UTF8.enc 2015/04/18 4.8.4
) (/usr/local/texlive/2018/texmf-dist/tex/latex/cjk/texinput/UTF8/UTF8.chr
File: UTF8.chr 2015/04/18 4.8.4
) (/usr/local/texlive/2018/texmf-dist/tex/latex/cjk/texinput/UTF8/UTF8.enc
File: UTF8.enc 2015/04/18 4.8.4
) (/usr/local/texlive/2018/texmf-dist/tex/latex/cjk/texinput/UTF8/UTF8.chr
File: UTF8.chr 2015/04/18 4.8.4
) (/usr/local/texlive/2018/texmf-dist/tex/latex/cjk/texinput/UTF8/UTF8.enc
File: UTF8.enc 2015/04/18 4.8.4
) (/usr/local/texlive/2018/texmf-dist/tex/latex/cjk/texinput/UTF8/UTF8.chr
File: UTF8.chr 2015/04/18 4.8.4
) (/usr/local/texlive/2018/texmf-dist/tex/latex/cjk/texinput/UTF8/UTF8.enc
File: UTF8.enc 2015/04/18 4.8.4
) (/usr/local/texlive/2018/texmf-dist/tex/latex/cjk/texinput/UTF8/UTF8.chr
File: UTF8.chr 2015/04/18 4.8.4
) (/usr/local/texlive/2018/texmf-dist/tex/latex/cjk/texinput/UTF8/UTF8.enc
File: UTF8.enc 2015/04/18 4.8.4
) (/usr/local/texlive/2018/texmf-dist/tex/latex/cjk/texinput/UTF8/UTF8.chr
File: UTF8.chr 2015/04/18 4.8.4
) (/usr/local/texlive/2018/texmf-dist/tex/latex/cjk/texinput/UTF8/UTF8.enc
File: UTF8.enc 2015/04/18 4.8.4
) (/usr/local/texlive/2018/texmf-dist/tex/latex/cjk/texinput/UTF8/UTF8.chr
File: UTF8.chr 2015/04/18 4.8.4
) (/usr/local/texlive/2018/texmf-dist/tex/latex/cjk/texinput/UTF8/UTF8.enc
File: UTF8.enc 2015/04/18 4.8.4
) (/usr/local/texlive/2018/texmf-dist/tex/latex/cjk/texinput/UTF8/UTF8.chr
File: UTF8.chr 2015/04/18 4.8.4
)

pdfTeX warning: pdflatex (file ./txtpic.pdf): PDF inclusion: found PDF version <1.7>, but at most version <1.5> allowed
<txtpic.pdf, id=176, 654.40488pt x 542.025pt>
File: txtpic.pdf Graphic file (type pdf)
<use txtpic.pdf>
Package pdftex.def Info: txtpic.pdf  used on input line 691.
(pdftex.def)             Requested size: 256.0748pt x 212.10843pt.
[6 <./show.pdf>]
Underfull \vbox (badness 2277) has occurred while \output is active []

 [7 <./txtpic.pdf>]

pdfTeX warning: pdflatex (file ./trainloss.pdf): PDF inclusion: found PDF version <1.7>, but at most version <1.5> allowed
<trainloss.pdf, id=249, 739.80388pt x 542.025pt>
File: trainloss.pdf Graphic file (type pdf)
<use trainloss.pdf>
Package pdftex.def Info: trainloss.pdf  used on input line 756.
(pdftex.def)             Requested size: 252.94499pt x 185.31989pt.

Overfull \hbox (0.94499pt too wide) in paragraph at lines 756--756
 [][] 
 []



pdfTeX warning: pdflatex (file ./trainacc.pdf): PDF inclusion: found PDF version <1.7>, but at most version <1.5> allowed
<trainacc.pdf, id=250, 739.80388pt x 542.025pt>
File: trainacc.pdf Graphic file (type pdf)
<use trainacc.pdf>
Package pdftex.def Info: trainacc.pdf  used on input line 763.
(pdftex.def)             Requested size: 252.94499pt x 185.31989pt.

Overfull \hbox (0.94499pt too wide) in paragraph at lines 763--763
 [][] 
 []


Overfull \hbox (3.50006pt too wide) in paragraph at lines 756--766
 [][] 
 []


Overfull \hbox (3.50006pt too wide) in paragraph at lines 756--766
 [] 
 []

[8 <./trainloss.pdf> <./trainacc.pdf

pdfTeX warning: pdflatex (file ./trainacc.pdf): PDF inclusion: multiple pdfs with page group included in a single page
>] [9] (./bare_jrnl.bbl
Underfull \hbox (badness 3482) in paragraph at lines 45--47
[]\OT1/ptm/m/n/8 ``Mesh: Med-i-cal sub-ject head-ings,'' $https : / / www . nlm . nih . gov / mesh /
 []

) [10]
<qiuliwang.png, id=273, 272.51813pt x 362.85562pt>
File: qiuliwang.png Graphic file (type png)
<use qiuliwang.png>
Package pdftex.def Info: qiuliwang.png  used on input line 1028.
(pdftex.def)             Requested size: 67.84659pt x 90.33717pt.
File: qiuliwang.png Graphic file (type png)
<use qiuliwang.png>
Package pdftex.def Info: qiuliwang.png  used on input line 1028.
(pdftex.def)             Requested size: 67.84659pt x 90.33717pt.
<zhihuanli.png, id=277, 108.405pt x 145.197pt>
File: zhihuanli.png Graphic file (type png)
<use zhihuanli.png>
Package pdftex.def Info: zhihuanli.png  used on input line 1036.
(pdftex.def)             Requested size: 67.44693pt x 90.33801pt.
File: zhihuanli.png Graphic file (type png)
<use zhihuanli.png>
Package pdftex.def Info: zhihuanli.png  used on input line 1036.
(pdftex.def)             Requested size: 67.44693pt x 90.33801pt.
<danyang.png, id=280, 498.36188pt x 623.32875pt>
File: danyang.png Graphic file (type png)
<use danyang.png>
Package pdftex.def Info: danyang.png  used on input line 1044.
(pdftex.def)             Requested size: 72.2264pt x 90.33754pt.
File: danyang.png Graphic file (type png)
<use danyang.png>
Package pdftex.def Info: danyang.png  used on input line 1044.
(pdftex.def)             Requested size: 72.2264pt x 90.33754pt.
<chenliu.png, id=283, 183.5658pt x 246.6816pt>
File: chenliu.png Graphic file (type png)
<use chenliu.png>
Package pdftex.def Info: chenliu.png  used on input line 1051.
(pdftex.def)             Requested size: 67.22363pt x 90.33727pt.
File: chenliu.png Graphic file (type png)
<use chenliu.png>
Package pdftex.def Info: chenliu.png  used on input line 1051.
(pdftex.def)             Requested size: 67.22363pt x 90.33727pt.
<xiaohongzhang.png, id=286, 498.36188pt x 621.82312pt>
File: xiaohongzhang.png Graphic file (type png)
<use xiaohongzhang.png>
Package pdftex.def Info: xiaohongzhang.png  used on input line 1057.
(pdftex.def)             Requested size: 72.26442pt x 90.16678pt.
File: xiaohongzhang.png Graphic file (type png)
<use xiaohongzhang.png>
Package pdftex.def Info: xiaohongzhang.png  used on input line 1057.
(pdftex.def)             Requested size: 72.26442pt x 90.16678pt.
 [11

 <./qiuliwang.png> <./zhihuanli.png> <./danyang.png> <./chenliu.png> <./xiaohongzhang.png>] (./bare_jrnl.aux)

LaTeX Warning: There were multiply-defined labels.

 ) 
Here is how much of TeX's memory you used:
 6209 strings out of 492649
 98048 string characters out of 6129622
 184858 words of memory out of 5000000
 9859 multiletter control sequences out of 15000+600000
 53796 words of font info for 108 fonts, out of 8000000 for 9000
 1144 hyphenation exceptions out of 8191
 41i,10n,38p,1169b,519s stack positions out of 5000i,500n,10000p,200000b,80000s
{/usr/local/texlive/2018/texmf-dist/fonts/enc/dvips/base/8r.enc}</usr/local/texlive/2018/texmf-dist/fonts/type1/public/amsfonts/cm/cmex10.pfb></usr/local/texlive/2018/texmf-dist/fonts/type1/public/amsfonts/cm/cmmi10.pfb></usr/local/texlive/2018/texmf-dist/fonts/type1/public/amsfonts/cm/cmmi7.pfb></usr/local/texlive/2018/texmf-dist/fonts/type1/public/amsfonts/cm/cmr10.pfb></usr/local/texlive/2018/texmf-dist/fonts/type1/public/amsfonts/cm/cmr7.pfb></usr/local/texlive/2018/texmf-dist/fonts/type1/public/amsfonts/cm/cmsy10.pfb></usr/local/texlive/2018/texmf-dist/fonts/type1/public/amsfonts/cm/cmsy7.pfb></usr/local/texlive/2018/texmf-dist/fonts/type1/public/amsfonts/cm/cmsy8.pfb></usr/local/texlive/2018/texmf-dist/fonts/type1/arphic/gbsnu/gbsnu4e.pfb></usr/local/texlive/2018/texmf-dist/fonts/type1/arphic/gbsnu/gbsnu4f.pfb></usr/local/texlive/2018/texmf-dist/fonts/type1/arphic/gbsnu/gbsnu52.pfb></usr/local/texlive/2018/texmf-dist/fonts/type1/arphic/gbsnu/gbsnu53.pfb></usr/local/texlive/2018/texmf-dist/fonts/type1/arphic/gbsnu/gbsnu54.pfb></usr/local/texlive/2018/texmf-dist/fonts/type1/arphic/gbsnu/gbsnu55.pfb></usr/local/texlive/2018/texmf-dist/fonts/type1/arphic/gbsnu/gbsnu59.pfb></usr/local/texlive/2018/texmf-dist/fonts/type1/arphic/gbsnu/gbsnu61.pfb></usr/local/texlive/2018/texmf-dist/fonts/type1/arphic/gbsnu/gbsnu67.pfb></usr/local/texlive/2018/texmf-dist/fonts/type1/arphic/gbsnu/gbsnu6c.pfb></usr/local/texlive/2018/texmf-dist/fonts/type1/arphic/gbsnu/gbsnu70.pfb></usr/local/texlive/2018/texmf-dist/fonts/type1/arphic/gbsnu/gbsnu75.pfb></usr/local/texlive/2018/texmf-dist/fonts/type1/arphic/gbsnu/gbsnu80.pfb></usr/local/texlive/2018/texmf-dist/fonts/type1/arphic/gbsnu/gbsnu88.pfb></usr/local/texlive/2018/texmf-dist/fonts/type1/arphic/gbsnu/gbsnu90.pfb></usr/local/texlive/2018/texmf-dist/fonts/type1/arphic/gbsnu/gbsnu91.pfb></usr/local/texlive/2018/texmf-dist/fonts/type1/arphic/gbsnu/gbsnu95.pfb></usr/local/texlive/2018/texmf-dist/fonts/type1/urw/times/utmb8a.pfb></usr/local/texlive/2018/texmf-dist/fonts/type1/urw/times/utmbi8a.pfb></usr/local/texlive/2018/texmf-dist/fonts/type1/urw/times/utmr8a.pfb></usr/local/texlive/2018/texmf-dist/fonts/type1/urw/times/utmri8a.pfb>
Output written on bare_jrnl.pdf (11 pages, 2440707 bytes).
PDF statistics:
 393 PDF objects out of 1000 (max. 8388607)
 245 compressed objects within 3 object streams
 0 named destinations out of 1000 (max. 500000)
 131 words of extra memory for PDF output out of 10000 (max. 10000000)

