This is pdfTeX, Version 3.1415926-2.3-1.40.12 (MiKTeX 2.9) (preloaded format=pdflatex 2018.10.1)  25 SEP 2019 15:58
entering extended mode
**c:/Users/WangQL/OneDrive/Documents/Medic/MyDraft/Pneumonia_Detection/MPDNet_V5/bare_jrnl
(c:/Users/WangQL/OneDrive/Documents/Medic/MyDraft/Pneumonia_Detection/MPDNet_V5/bare_jrnl.tex
LaTeX2e <2011/06/27>
Babel <v3.8m> and hyphenation patterns for loaded.
(c:\Users\WangQL\OneDrive\Documents\Medic\MyDraft\Pneumonia_Detection\MPDNet_V5\IEEEtran.cls
Document Class: IEEEtran 2015/08/26 V1.8b by Michael Shell
-- See the "IEEEtran_HOWTO" manual for usage information.
-- http://www.michaelshell.org/tex/ieeetran/
\@IEEEtrantmpdimenA=\dimen102
\@IEEEtrantmpdimenB=\dimen103
\@IEEEtrantmpdimenC=\dimen104
\@IEEEtrantmpcountA=\count79
\@IEEEtrantmpcountB=\count80
\@IEEEtrantmpcountC=\count81
\@IEEEtrantmptoksA=\toks14
LaTeX Font Info:    Try loading font information for OT1+ptm on input line 503.
(C:\CTEX\MiKTeX\tex\latex\psnfss\ot1ptm.fd
File: ot1ptm.fd 2001/06/04 font definitions for OT1/ptm.
)
-- Using 8.5in x 11in (letter) paper.
-- Using PDF output.
\@IEEEnormalsizeunitybaselineskip=\dimen105
-- This is a 10 point document.
\CLASSINFOnormalsizebaselineskip=\dimen106
\CLASSINFOnormalsizeunitybaselineskip=\dimen107
\IEEEnormaljot=\dimen108
LaTeX Font Info:    Font shape `OT1/ptm/bx/n' in size <5> not available
(Font)              Font shape `OT1/ptm/b/n' tried instead on input line 1090.
LaTeX Font Info:    Font shape `OT1/ptm/bx/it' in size <5> not available
(Font)              Font shape `OT1/ptm/b/it' tried instead on input line 1090.
LaTeX Font Info:    Font shape `OT1/ptm/bx/n' in size <7> not available
(Font)              Font shape `OT1/ptm/b/n' tried instead on input line 1090.
LaTeX Font Info:    Font shape `OT1/ptm/bx/it' in size <7> not available
(Font)              Font shape `OT1/ptm/b/it' tried instead on input line 1090.
LaTeX Font Info:    Font shape `OT1/ptm/bx/n' in size <8> not available
(Font)              Font shape `OT1/ptm/b/n' tried instead on input line 1090.
LaTeX Font Info:    Font shape `OT1/ptm/bx/it' in size <8> not available
(Font)              Font shape `OT1/ptm/b/it' tried instead on input line 1090.
LaTeX Font Info:    Font shape `OT1/ptm/bx/n' in size <9> not available
(Font)              Font shape `OT1/ptm/b/n' tried instead on input line 1090.
LaTeX Font Info:    Font shape `OT1/ptm/bx/it' in size <9> not available
(Font)              Font shape `OT1/ptm/b/it' tried instead on input line 1090.
LaTeX Font Info:    Font shape `OT1/ptm/bx/n' in size <10> not available
(Font)              Font shape `OT1/ptm/b/n' tried instead on input line 1090.
LaTeX Font Info:    Font shape `OT1/ptm/bx/it' in size <10> not available
(Font)              Font shape `OT1/ptm/b/it' tried instead on input line 1090.
LaTeX Font Info:    Font shape `OT1/ptm/bx/n' in size <11> not available
(Font)              Font shape `OT1/ptm/b/n' tried instead on input line 1090.
LaTeX Font Info:    Font shape `OT1/ptm/bx/it' in size <11> not available
(Font)              Font shape `OT1/ptm/b/it' tried instead on input line 1090.
LaTeX Font Info:    Font shape `OT1/ptm/bx/n' in size <12> not available
(Font)              Font shape `OT1/ptm/b/n' tried instead on input line 1090.
LaTeX Font Info:    Font shape `OT1/ptm/bx/it' in size <12> not available
(Font)              Font shape `OT1/ptm/b/it' tried instead on input line 1090.
LaTeX Font Info:    Font shape `OT1/ptm/bx/n' in size <17> not available
(Font)              Font shape `OT1/ptm/b/n' tried instead on input line 1090.
LaTeX Font Info:    Font shape `OT1/ptm/bx/it' in size <17> not available
(Font)              Font shape `OT1/ptm/b/it' tried instead on input line 1090.
LaTeX Font Info:    Font shape `OT1/ptm/bx/n' in size <20> not available
(Font)              Font shape `OT1/ptm/b/n' tried instead on input line 1090.
LaTeX Font Info:    Font shape `OT1/ptm/bx/it' in size <20> not available
(Font)              Font shape `OT1/ptm/b/it' tried instead on input line 1090.
LaTeX Font Info:    Font shape `OT1/ptm/bx/n' in size <24> not available
(Font)              Font shape `OT1/ptm/b/n' tried instead on input line 1090.
LaTeX Font Info:    Font shape `OT1/ptm/bx/it' in size <24> not available
(Font)              Font shape `OT1/ptm/b/it' tried instead on input line 1090.
\IEEEquantizedlength=\dimen109
\IEEEquantizedlengthdiff=\dimen110
\IEEEquantizedtextheightdiff=\dimen111
\IEEEilabelindentA=\dimen112
\IEEEilabelindentB=\dimen113
\IEEEilabelindent=\dimen114
\IEEEelabelindent=\dimen115
\IEEEdlabelindent=\dimen116
\IEEElabelindent=\dimen117
\IEEEiednormlabelsep=\dimen118
\IEEEiedmathlabelsep=\dimen119
\IEEEiedtopsep=\skip41
\c@section=\count82
\c@subsection=\count83
\c@subsubsection=\count84
\c@paragraph=\count85
\c@IEEEsubequation=\count86
\abovecaptionskip=\skip42
\belowcaptionskip=\skip43
\c@figure=\count87
\c@table=\count88
\@IEEEeqnnumcols=\count89
\@IEEEeqncolcnt=\count90
\@IEEEsubeqnnumrollback=\count91
\@IEEEquantizeheightA=\dimen120
\@IEEEquantizeheightB=\dimen121
\@IEEEquantizeheightC=\dimen122
\@IEEEquantizeprevdepth=\dimen123
\@IEEEquantizemultiple=\count92
\@IEEEquantizeboxA=\box26
\@IEEEtmpitemindent=\dimen124
\IEEEPARstartletwidth=\dimen125
\c@IEEEbiography=\count93
\@IEEEtranrubishbin=\box27
) (C:\CTEX\MiKTeX\tex\latex\graphics\graphicx.sty
Package: graphicx 1999/02/16 v1.0f Enhanced LaTeX Graphics (DPC,SPQR)
 (C:\CTEX\MiKTeX\tex\latex\graphics\keyval.sty
Package: keyval 1999/03/16 v1.13 key=value parser (DPC)
\KV@toks@=\toks15
) (C:\CTEX\MiKTeX\tex\latex\graphics\graphics.sty
Package: graphics 2009/02/05 v1.0o Standard LaTeX Graphics (DPC,SPQR)
 (C:\CTEX\MiKTeX\tex\latex\graphics\trig.sty
Package: trig 1999/03/16 v1.09 sin cos tan (DPC)
) (C:\CTEX\MiKTeX\tex\latex\00miktex\graphics.cfg
File: graphics.cfg 2007/01/18 v1.5 graphics configuration of teTeX/TeXLive
)
Package graphics Info: Driver file: pdftex.def on input line 91.
 (C:\CTEX\MiKTeX\tex\latex\pdftex-def\pdftex.def
File: pdftex.def 2011/05/27 v0.06d Graphics/color for pdfTeX
 (C:\CTEX\MiKTeX\tex\generic\oberdiek\infwarerr.sty
Package: infwarerr 2010/04/08 v1.3 Providing info/warning/message (HO)
) (C:\CTEX\MiKTeX\tex\generic\oberdiek\ltxcmds.sty
Package: ltxcmds 2011/04/18 v1.20 LaTeX kernel commands for general use (HO)
)
\Gread@gobject=\count94
))
\Gin@req@height=\dimen126
\Gin@req@width=\dimen127
) (C:\CTEX\MiKTeX\tex\latex\ltxmisc\url.sty
\Urlmuskip=\muskip10
Package: url 2006/04/12  ver 3.3  Verb mode for urls, etc.
) (C:\CTEX\MiKTeX\tex\latex\mh\mathtools.sty
Package: mathtools 2011/04/06 v1.11 mathematical typesetting tools
 (C:\CTEX\MiKTeX\tex\latex\tools\calc.sty
Package: calc 2007/08/22 v4.3 Infix arithmetic (KKT,FJ)
\calc@Acount=\count95
\calc@Bcount=\count96
\calc@Adimen=\dimen128
\calc@Bdimen=\dimen129
\calc@Askip=\skip44
\calc@Bskip=\skip45
LaTeX Info: Redefining \setlength on input line 76.
LaTeX Info: Redefining \addtolength on input line 77.
\calc@Ccount=\count97
\calc@Cskip=\skip46
) (C:\CTEX\MiKTeX\tex\latex\mh\mhsetup.sty
Package: mhsetup 2010/01/21 v1.2a programming setup (MH)
) (C:\CTEX\MiKTeX\tex\latex\ams\math\amsmath.sty
Package: amsmath 2000/07/18 v2.13 AMS math features
\@mathmargin=\skip47

For additional information on amsmath, use the `?' option.
(C:\CTEX\MiKTeX\tex\latex\ams\math\amstext.sty
Package: amstext 2000/06/29 v2.01
 (C:\CTEX\MiKTeX\tex\latex\ams\math\amsgen.sty
File: amsgen.sty 1999/11/30 v2.0
\@emptytoks=\toks16
\ex@=\dimen130
)) (C:\CTEX\MiKTeX\tex\latex\ams\math\amsbsy.sty
Package: amsbsy 1999/11/29 v1.2d
\pmbraise@=\dimen131
) (C:\CTEX\MiKTeX\tex\latex\ams\math\amsopn.sty
Package: amsopn 1999/12/14 v2.01 operator names
)
\inf@bad=\count98
LaTeX Info: Redefining \frac on input line 211.
\uproot@=\count99
\leftroot@=\count100
LaTeX Info: Redefining \overline on input line 307.
\classnum@=\count101
\DOTSCASE@=\count102
LaTeX Info: Redefining \ldots on input line 379.
LaTeX Info: Redefining \dots on input line 382.
LaTeX Info: Redefining \cdots on input line 467.
\Mathstrutbox@=\box28
\strutbox@=\box29
\big@size=\dimen132
LaTeX Font Info:    Redeclaring font encoding OML on input line 567.
LaTeX Font Info:    Redeclaring font encoding OMS on input line 568.
\macc@depth=\count103
\c@MaxMatrixCols=\count104
\dotsspace@=\muskip11
\c@parentequation=\count105
\dspbrk@lvl=\count106
\tag@help=\toks17
\row@=\count107
\column@=\count108
\maxfields@=\count109
\andhelp@=\toks18
\eqnshift@=\dimen133
\alignsep@=\dimen134
\tagshift@=\dimen135
\tagwidth@=\dimen136
\totwidth@=\dimen137
\lineht@=\dimen138
\@envbody=\toks19
\multlinegap=\skip48
\multlinetaggap=\skip49
\mathdisplay@stack=\toks20
LaTeX Info: Redefining \[ on input line 2666.
LaTeX Info: Redefining \] on input line 2667.
)
\g_MT_multlinerow_int=\count110
\l_MT_multwidth_dim=\dimen139
\origjot=\skip50
\l_MT_shortvdotswithinadjustabove_dim=\dimen140
\l_MT_shortvdotswithinadjustbelow_dim=\dimen141
) (C:\CTEX\MiKTeX\tex\latex\cjk\CJK.sty
Package: CJK 2008/12/29 4.8.2
 (C:\CTEX\MiKTeX\tex\latex\cjk\mule\MULEenc.sty
Package: MULEenc 2008/12/29 4.8.2
) (C:\CTEX\MiKTeX\tex\latex\cjk\CJK.enc
File: CJK.enc 2008/12/29 4.8.2
)
LaTeX Info: Redefining \selectfont on input line 756.
\CJK@indent=\box30
) (C:\CTEX\MiKTeX\tex\latex\subfigure\subfigure.sty
Package: subfigure 2002/07/30 v2.1.4 subfigure package
\subfigtopskip=\skip51
\subfigcapskip=\skip52
\subfigcaptopadj=\dimen142
\subfigbottomskip=\skip53
\subfigcapmargin=\dimen143
\subfiglabelskip=\skip54
\c@subfigure=\count111
\c@lofdepth=\count112
\c@subtable=\count113
\c@lotdepth=\count114

****************************************
* Local config file subfigure.cfg used *
****************************************
(C:\CTEX\MiKTeX\tex\latex\subfigure\subfigure.cfg)
\subfig@top=\skip55
\subfig@bottom=\skip56
) (C:\CTEX\MiKTeX\tex\latex\cite\cite.sty
LaTeX Info: Redefining \cite on input line 302.
LaTeX Info: Redefining \nocite on input line 373.
Package: cite 2010/09/10  v 5.3
) (C:\CTEX\MiKTeX\tex\latex\floatrow\floatrow.sty
Package: floatrow 2008/08/02 v0.3b floatrow: float package extension
 (C:\CTEX\MiKTeX\tex\latex\caption\caption3.sty
Package: caption3 2011/11/01 v1.4a caption3 kernel (AR)
\captionmargin=\dimen144
\captionmargin@=\dimen145
\captionwidth=\dimen146
\caption@indent=\dimen147
\caption@parindent=\dimen148
\caption@hangindent=\dimen149
Package caption Info: Unknown document class (or package),
(caption)             standard defaults will be used.
)
\c@float@type=\count115
\float@exts=\toks21
\float@box=\box31
\@floatcapt=\box32
Package floatrow Info: Modified float package code loaded on input line 455.
Package floatrow Info: Modified rotfloat package code loaded on input line 473.
\FR@everyfloat=\toks22
\flrow@foot=\insert233
\FB@wd=\dimen150
\FBo@wd=\dimen151
\FBc@wd=\dimen152
\FBo@ht=\skip57
\FBc@ht=\skip58
\FBf@ht=\skip59
\FBo@max=\skip60
\FBc@max=\skip61
\FBf@max=\skip62
\c@FBl@b=\count116
\floatbox@depth=\count117
\c@FRobj=\count118
\c@FRsobj=\count119
\Xhsize=\skip63
\sXhsize=\skip64
\Zhsize=\skip65
\sZhsize=\skip66
\flrow@rowbox=\box33
\FR@Zunitlength=\dimen153
\c@FBcnt=\count120
\FPOScnt=\count121
\LTleft=\skip67
\LTright=\skip68
\LTleft=\skip69
\LTright=\skip70
\flrow@types=\toks23
) (c:\Users\WangQL\OneDrive\Documents\Medic\MyDraft\Pneumonia_Detection\MPDNet_V5\bare_jrnl.aux

LaTeX Warning: Label `ctimagedata' multiply defined.

)
LaTeX Font Info:    Checking defaults for OML/cmm/m/it on input line 310.
LaTeX Font Info:    ... okay on input line 310.
LaTeX Font Info:    Checking defaults for T1/cmr/m/n on input line 310.
LaTeX Font Info:    ... okay on input line 310.
LaTeX Font Info:    Checking defaults for OT1/cmr/m/n on input line 310.
LaTeX Font Info:    ... okay on input line 310.
LaTeX Font Info:    Checking defaults for OMS/cmsy/m/n on input line 310.
LaTeX Font Info:    ... okay on input line 310.
LaTeX Font Info:    Checking defaults for OMX/cmex/m/n on input line 310.
LaTeX Font Info:    ... okay on input line 310.
LaTeX Font Info:    Checking defaults for U/cmr/m/n on input line 310.
LaTeX Font Info:    ... okay on input line 310.
LaTeX Font Info:    Checking defaults for C00/song/m/n on input line 310.
LaTeX Font Info:    ... okay on input line 310.
LaTeX Font Info:    Checking defaults for C05/song/m/n on input line 310.
LaTeX Font Info:    ... okay on input line 310.
LaTeX Font Info:    Checking defaults for C09/song/m/n on input line 310.
LaTeX Font Info:    ... okay on input line 310.
LaTeX Font Info:    Checking defaults for C10/song/m/n on input line 310.
LaTeX Font Info:    ... okay on input line 310.
LaTeX Font Info:    Checking defaults for C20/song/m/n on input line 310.
LaTeX Font Info:    ... okay on input line 310.
LaTeX Font Info:    Checking defaults for C19/song/m/n on input line 310.
LaTeX Font Info:    ... okay on input line 310.
LaTeX Font Info:    Checking defaults for C40/song/m/n on input line 310.
LaTeX Font Info:    ... okay on input line 310.
LaTeX Font Info:    Checking defaults for C42/song/m/n on input line 310.
LaTeX Font Info:    ... okay on input line 310.
LaTeX Font Info:    Checking defaults for C43/song/m/n on input line 310.
LaTeX Font Info:    ... okay on input line 310.
LaTeX Font Info:    Checking defaults for C50/song/m/n on input line 310.
LaTeX Font Info:    ... okay on input line 310.
LaTeX Font Info:    Checking defaults for C52/song/m/n on input line 310.
LaTeX Font Info:    ... okay on input line 310.
LaTeX Font Info:    Checking defaults for C49/song/m/n on input line 310.
LaTeX Font Info:    ... okay on input line 310.
LaTeX Font Info:    Checking defaults for C60/mj/m/n on input line 310.
LaTeX Font Info:    ... okay on input line 310.
LaTeX Font Info:    Checking defaults for C61/mj/m/n on input line 310.
LaTeX Font Info:    ... okay on input line 310.
LaTeX Font Info:    Checking defaults for C63/mj/m/n on input line 310.
LaTeX Font Info:    ... okay on input line 310.
LaTeX Font Info:    Checking defaults for C64/mj/m/n on input line 310.
LaTeX Font Info:    ... okay on input line 310.
LaTeX Font Info:    Checking defaults for C65/mj/m/n on input line 310.
LaTeX Font Info:    ... okay on input line 310.
LaTeX Font Info:    Checking defaults for C70/song/m/n on input line 310.
LaTeX Font Info:    ... okay on input line 310.
LaTeX Font Info:    Checking defaults for C31/song/m/n on input line 310.
LaTeX Font Info:    ... okay on input line 310.
LaTeX Font Info:    Checking defaults for C32/song/m/n on input line 310.
LaTeX Font Info:    ... okay on input line 310.
LaTeX Font Info:    Checking defaults for C33/song/m/n on input line 310.
LaTeX Font Info:    ... okay on input line 310.
LaTeX Font Info:    Checking defaults for C34/song/m/n on input line 310.
LaTeX Font Info:    ... okay on input line 310.
LaTeX Font Info:    Checking defaults for C35/song/m/n on input line 310.
LaTeX Font Info:    ... okay on input line 310.
LaTeX Font Info:    Checking defaults for C36/song/m/n on input line 310.
LaTeX Font Info:    ... okay on input line 310.
LaTeX Font Info:    Checking defaults for C37/song/m/n on input line 310.
LaTeX Font Info:    ... okay on input line 310.
LaTeX Font Info:    Checking defaults for C80/song/m/n on input line 310.
LaTeX Font Info:    ... okay on input line 310.
LaTeX Font Info:    Checking defaults for C81/song/m/n on input line 310.
LaTeX Font Info:    ... okay on input line 310.
LaTeX Font Info:    Checking defaults for C01/song/m/n on input line 310.
LaTeX Font Info:    ... okay on input line 310.
LaTeX Font Info:    Checking defaults for C11/song/m/n on input line 310.
LaTeX Font Info:    ... okay on input line 310.
LaTeX Font Info:    Checking defaults for C21/song/m/n on input line 310.
LaTeX Font Info:    ... okay on input line 310.
LaTeX Font Info:    Checking defaults for C41/song/m/n on input line 310.
LaTeX Font Info:    ... okay on input line 310.
LaTeX Font Info:    Checking defaults for C62/song/m/n on input line 310.
LaTeX Font Info:    ... okay on input line 310.

-- Lines per column: 58 (exact).
(C:\CTEX\MiKTeX\tex\context\base\supp-pdf.mkii
[Loading MPS to PDF converter (version 2006.09.02).]
\scratchcounter=\count122
\scratchdimen=\dimen154
\scratchbox=\box34
\nofMPsegments=\count123
\nofMParguments=\count124
\everyMPshowfont=\toks24
\MPscratchCnt=\count125
\MPscratchDim=\dimen155
\MPnumerator=\count126
\makeMPintoPDFobject=\count127
\everyMPtoPDFconversion=\toks25
)
Package caption Info: Begin \AtBeginDocument code.
Package caption Info: End \AtBeginDocument code.
 (C:\CTEX\MiKTeX\tex\latex\graphics\color.sty
Package: color 2005/11/14 v1.0j Standard LaTeX Color (DPC)
 (C:\CTEX\MiKTeX\tex\latex\00miktex\color.cfg
File: color.cfg 2007/01/18 v1.5 color configuration of teTeX/TeXLive
)
Package color Info: Driver file: pdftex.def on input line 130.
)
LaTeX Font Info:    Calculating math sizes for size <11> on input line 392.

Underfull \hbox (badness 3396) in paragraph at lines 392--392
[][][]\OT1/ptm/m/n/8 L. Chen is with the Ra-di-ol-o-gy De-part-men-t, The First Af-fil-i-at-ed
 []


Underfull \hbox (badness 1515) in paragraph at lines 392--392
\OT1/ptm/m/n/8 Hos-pi-tal of Army Med-i-cal U-ni-ver-si-ty, 400032, Chongqing, Chi-na. E-
 []


Underfull \vbox (badness 1194) has occurred while \output is active []



pdfTeX warning: pdflatex (file c:/Users/WangQL/OneDrive/Documents/Medic/MyDraft/Pneumonia_Detection/MPDNet_V5/new1.pdf): PDF inclusion: found PDF version <1.7>, but at most version <1.5> allowed
<new1.pdf, id=1, 1138.13205pt x 512.1534pt>
File: new1.pdf Graphic file (type pdf)
 <use new1.pdf>
Package pdftex.def Info: new1.pdf used on input line 448.
(pdftex.def)             Requested size: 398.33858pt x 179.24855pt.


pdfTeX warning: pdflatex (file c:/Users/WangQL/OneDrive/Documents/Medic/MyDraft/Pneumonia_Detection/MPDNet_V5/MPD2.pdf): PDF inclusion: found PDF version <1.7>, but at most version <1.5> allowed
<MPD2.pdf, id=2, 878.32138pt x 512.1534pt>
File: MPD2.pdf Graphic file (type pdf)
 <use MPD2.pdf>
Package pdftex.def Info: MPD2.pdf used on input line 458.
(pdftex.def)             Requested size: 455.24408pt x 265.45386pt.
 [1{C:/CTEX/UserData/pdftex/config/pdftex.map{Unicode.sfd}{UGBK.sfd}}


]
Underfull \vbox (badness 10000) has occurred while \output is active []


Underfull \vbox (badness 10000) has occurred while \output is active []

 [2 <c:/Users/WangQL/OneDrive/Documents/Medic/MyDraft/Pneumonia_Detection/MPDNet_V5/new1.pdf> <c:/Users/WangQL/OneDrive/Documents/Medic/MyDraft/Pneumonia_Detection/MPDNet_V5/MPD2.pdf>]

pdfTeX warning: pdflatex (file c:/Users/WangQL/OneDrive/Documents/Medic/MyDraft/Pneumonia_Detection/MPDNet_V5/Bs.pdf): PDF inclusion: found PDF version <1.7>, but at most version <1.5> allowed
<Bs.pdf, id=68, 398.32814pt x 381.34471pt>
File: Bs.pdf Graphic file (type pdf)
 <use Bs.pdf>
Package pdftex.def Info: Bs.pdf used on input line 508.
(pdftex.def)             Requested size: 227.62204pt x 217.92152pt.


pdfTeX warning: pdflatex (file c:/Users/WangQL/OneDrive/Documents/Medic/MyDraft/Pneumonia_Detection/MPDNet_V5/3channel1.pdf): PDF inclusion: found PDF version <1.7>, but at most version <1.5> allowed
<3channel1.pdf, id=69, 999.735pt x 387.69844pt>
File: 3channel1.pdf Graphic file (type pdf)
 <use 3channel1.pdf>
Package pdftex.def Info: 3channel1.pdf used on input line 525.
(pdftex.def)             Requested size: 455.24408pt x 176.54503pt.


pdfTeX warning: pdflatex (file c:/Users/WangQL/OneDrive/Documents/Medic/MyDraft/Pneumonia_Detection/MPDNet_V5/3channel2.pdf): PDF inclusion: found PDF version <1.7>, but at most version <1.5> allowed
<3channel2.pdf, id=70, 711.25723pt x 284.62335pt>
File: 3channel2.pdf Graphic file (type pdf)
 <use 3channel2.pdf>
Package pdftex.def Info: 3channel2.pdf used on input line 534.
(pdftex.def)             Requested size: 455.24408pt x 182.17569pt.
 [3]
Underfull \vbox (badness 6141) has occurred while \output is active []

 [4 <c:/Users/WangQL/OneDrive/Documents/Medic/MyDraft/Pneumonia_Detection/MPDNet_V5/3channel1.pdf> <c:/Users/WangQL/OneDrive/Documents/Medic/MyDraft/Pneumonia_Detection/MPDNet_V5/3channel2.pdf>] [5 <c:/Users/WangQL/OneDrive/Documents/Medic/MyDraft/Pneumonia_Detection/MPDNet_V5/Bs.pdf>]

pdfTeX warning: pdflatex (file c:/Users/WangQL/OneDrive/Documents/Medic/MyDraft/Pneumonia_Detection/MPDNet_V5/show.pdf): PDF inclusion: found PDF version <1.7>, but at most version <1.5> allowed
<show.pdf, id=134, 1194.98447pt x 796.77673pt>
File: show.pdf Graphic file (type pdf)
 <use show.pdf>
Package pdftex.def Info: show.pdf used on input line 683.
(pdftex.def)             Requested size: 426.79134pt x 284.56589pt.
 [6] (C:\CTEX\MiKTeX\tex\latex\cjk\UTF8\UTF8.bdg
File: UTF8.bdg 2008/12/29 4.8.2
) (C:\CTEX\MiKTeX\tex\latex\cjk\UTF8\UTF8.enc
File: UTF8.enc 2008/12/29 4.8.2
) (C:\CTEX\MiKTeX\tex\latex\cjk\UTF8\UTF8.chr
File: UTF8.chr 2008/12/29 4.8.2
)
LaTeX Font Info:    Try loading font information for C70+gbsn on input line 753.
 (C:\CTEX\MiKTeX\tex\latex\cjk\UTF8\c70gbsn.fd
File: c70gbsn.fd 2008/12/29 4.8.2
) (C:\CTEX\MiKTeX\tex\latex\cjk\UTF8\c70gbsn.fdx
File: c70gbsn.fdx 2008/12/29 4.8.2
) (C:\CTEX\MiKTeX\tex\latex\cjk\UTF8\UTF8.enc
File: UTF8.enc 2008/12/29 4.8.2
) (C:\CTEX\MiKTeX\tex\latex\cjk\UTF8\UTF8.chr
File: UTF8.chr 2008/12/29 4.8.2
) (C:\CTEX\MiKTeX\tex\latex\cjk\UTF8\UTF8.enc
File: UTF8.enc 2008/12/29 4.8.2
) (C:\CTEX\MiKTeX\tex\latex\cjk\UTF8\UTF8.chr
File: UTF8.chr 2008/12/29 4.8.2
) (C:\CTEX\MiKTeX\tex\latex\cjk\UTF8\UTF8.enc
File: UTF8.enc 2008/12/29 4.8.2
) (C:\CTEX\MiKTeX\tex\latex\cjk\UTF8\UTF8.chr
File: UTF8.chr 2008/12/29 4.8.2
) (C:\CTEX\MiKTeX\tex\latex\cjk\UTF8\UTF8.enc
File: UTF8.enc 2008/12/29 4.8.2
) (C:\CTEX\MiKTeX\tex\latex\cjk\UTF8\UTF8.chr
File: UTF8.chr 2008/12/29 4.8.2
) (C:\CTEX\MiKTeX\tex\latex\cjk\UTF8\UTF8.enc
File: UTF8.enc 2008/12/29 4.8.2
) (C:\CTEX\MiKTeX\tex\latex\cjk\UTF8\UTF8.chr
File: UTF8.chr 2008/12/29 4.8.2
) (C:\CTEX\MiKTeX\tex\latex\cjk\UTF8\UTF8.enc
File: UTF8.enc 2008/12/29 4.8.2
) (C:\CTEX\MiKTeX\tex\latex\cjk\UTF8\UTF8.chr
File: UTF8.chr 2008/12/29 4.8.2
) (C:\CTEX\MiKTeX\tex\latex\cjk\UTF8\UTF8.enc
File: UTF8.enc 2008/12/29 4.8.2
) (C:\CTEX\MiKTeX\tex\latex\cjk\UTF8\UTF8.chr
File: UTF8.chr 2008/12/29 4.8.2
) (C:\CTEX\MiKTeX\tex\latex\cjk\UTF8\UTF8.enc
File: UTF8.enc 2008/12/29 4.8.2
) (C:\CTEX\MiKTeX\tex\latex\cjk\UTF8\UTF8.chr
File: UTF8.chr 2008/12/29 4.8.2
) (C:\CTEX\MiKTeX\tex\latex\cjk\UTF8\UTF8.enc
File: UTF8.enc 2008/12/29 4.8.2
) (C:\CTEX\MiKTeX\tex\latex\cjk\UTF8\UTF8.chr
File: UTF8.chr 2008/12/29 4.8.2
) (C:\CTEX\MiKTeX\tex\latex\cjk\UTF8\UTF8.enc
File: UTF8.enc 2008/12/29 4.8.2
) (C:\CTEX\MiKTeX\tex\latex\cjk\UTF8\UTF8.chr
File: UTF8.chr 2008/12/29 4.8.2
) (C:\CTEX\MiKTeX\tex\latex\cjk\UTF8\UTF8.enc
File: UTF8.enc 2008/12/29 4.8.2
) (C:\CTEX\MiKTeX\tex\latex\cjk\UTF8\UTF8.chr
File: UTF8.chr 2008/12/29 4.8.2
) (C:\CTEX\MiKTeX\tex\latex\cjk\UTF8\UTF8.enc
File: UTF8.enc 2008/12/29 4.8.2
) (C:\CTEX\MiKTeX\tex\latex\cjk\UTF8\UTF8.chr
File: UTF8.chr 2008/12/29 4.8.2
) (C:\CTEX\MiKTeX\tex\latex\cjk\UTF8\UTF8.enc
File: UTF8.enc 2008/12/29 4.8.2
) (C:\CTEX\MiKTeX\tex\latex\cjk\UTF8\UTF8.chr
File: UTF8.chr 2008/12/29 4.8.2
) (C:\CTEX\MiKTeX\tex\latex\cjk\UTF8\UTF8.enc
File: UTF8.enc 2008/12/29 4.8.2
) (C:\CTEX\MiKTeX\tex\latex\cjk\UTF8\UTF8.chr
File: UTF8.chr 2008/12/29 4.8.2
) (C:\CTEX\MiKTeX\tex\latex\cjk\UTF8\UTF8.enc
File: UTF8.enc 2008/12/29 4.8.2
) (C:\CTEX\MiKTeX\tex\latex\cjk\UTF8\UTF8.chr
File: UTF8.chr 2008/12/29 4.8.2
) (C:\CTEX\MiKTeX\tex\latex\cjk\UTF8\UTF8.enc
File: UTF8.enc 2008/12/29 4.8.2
) (C:\CTEX\MiKTeX\tex\latex\cjk\UTF8\UTF8.chr
File: UTF8.chr 2008/12/29 4.8.2
) (C:\CTEX\MiKTeX\tex\latex\cjk\UTF8\UTF8.enc
File: UTF8.enc 2008/12/29 4.8.2
) (C:\CTEX\MiKTeX\tex\latex\cjk\UTF8\UTF8.chr
File: UTF8.chr 2008/12/29 4.8.2
) (C:\CTEX\MiKTeX\tex\latex\cjk\UTF8\UTF8.enc
File: UTF8.enc 2008/12/29 4.8.2
) (C:\CTEX\MiKTeX\tex\latex\cjk\UTF8\UTF8.chr
File: UTF8.chr 2008/12/29 4.8.2
) (C:\CTEX\MiKTeX\tex\latex\cjk\UTF8\UTF8.enc
File: UTF8.enc 2008/12/29 4.8.2
) (C:\CTEX\MiKTeX\tex\latex\cjk\UTF8\UTF8.chr
File: UTF8.chr 2008/12/29 4.8.2
)

pdfTeX warning: pdflatex (file c:/Users/WangQL/OneDrive/Documents/Medic/MyDraft/Pneumonia_Detection/MPDNet_V5/txtpic.pdf): PDF inclusion: found PDF version <1.7>, but at most version <1.5> allowed
<txtpic.pdf, id=140, 654.40488pt x 542.025pt>
File: txtpic.pdf Graphic file (type pdf)
 <use txtpic.pdf>
Package pdftex.def Info: txtpic.pdf used on input line 799.
(pdftex.def)             Requested size: 241.84842pt x 200.31453pt.

Underfull \vbox (badness 10000) has occurred while \output is active []


Underfull \vbox (badness 1303) has occurred while \output is active []

 [7 <c:/Users/WangQL/OneDrive/Documents/Medic/MyDraft/Pneumonia_Detection/MPDNet_V5/show.pdf>] <figureALL.pdf, id=167, 623.34763pt x 182.95258pt>
File: figureALL.pdf Graphic file (type pdf)
 <use figureALL.pdf>
Package pdftex.def Info: figureALL.pdf used on input line 840.
(pdftex.def)             Requested size: 483.69684pt x 141.96544pt.
 [8 <c:/Users/WangQL/OneDrive/Documents/Medic/MyDraft/Pneumonia_Detection/MPDNet_V5/txtpic.pdf>]

pdfTeX warning: pdflatex (file c:/Users/WangQL/OneDrive/Documents/Medic/MyDraft/Pneumonia_Detection/MPDNet_V5/Confusionmatrices.pdf): PDF inclusion: found PDF version <1.7>, but at most version <1.5> allowed
<Confusionmatrices.pdf, id=213, 768.23009pt x 398.32814pt>
File: Confusionmatrices.pdf Graphic file (type pdf)
 <use Confusionmatrices.pdf>
Package pdftex.def Info: Confusionmatrices.pdf used on input line 865.
(pdftex.def)             Requested size: 455.24408pt x 236.04482pt.


pdfTeX warning: pdflatex (file c:/Users/WangQL/OneDrive/Documents/Medic/MyDraft/Pneumonia_Detection/MPDNet_V5/aacloss2.pdf): PDF inclusion: found PDF version <1.7>, but at most version <1.5> allowed
<aacloss2.pdf, id=214, 768.23009pt x 256.07669pt>
File: aacloss2.pdf Graphic file (type pdf)
 <use aacloss2.pdf>
Package pdftex.def Info: aacloss2.pdf used on input line 873.
(pdftex.def)             Requested size: 512.1496pt x 170.72258pt.
 [9 <c:/Users/WangQL/OneDrive/Documents/Medic/MyDraft/Pneumonia_Detection/MPDNet_V5/figureALL.pdf>] <LSTMNumber.pdf, id=228, 240.31375pt x 181.16005pt>
File: LSTMNumber.pdf Graphic file (type pdf)
 <use LSTMNumber.pdf>
Package pdftex.def Info: LSTMNumber.pdf used on input line 909.
(pdftex.def)             Requested size: 227.62204pt x 171.59242pt.
 [10 <c:/Users/WangQL/OneDrive/Documents/Medic/MyDraft/Pneumonia_Detection/MPDNet_V5/Confusionmatrices.pdf> <c:/Users/WangQL/OneDrive/Documents/Medic/MyDraft/Pneumonia_Detection/MPDNet_V5/aacloss2.pdf> <c:/Users/WangQL/OneDrive/Documents/Medic/MyDraft/Pneumonia_Detection/MPDNet_V5/LSTMNumber.pdf>] (c:\Users\WangQL\OneDrive\Documents\Medic\MyDraft\Pneumonia_Detection\MPDNet_V5\bare_jrnl.bbl
Underfull \hbox (badness 3471) in paragraph at lines 45--47
[]\OT1/ptm/m/n/8 ``Mesh: Med-i-cal sub-jec-t head-ings,'' $https : / / www . nlm . nih . gov / mesh /$
 []

[11]) <qiuliwang.png, id=257, 272.51813pt x 362.85562pt>
File: qiuliwang.png Graphic file (type png)
 <use qiuliwang.png>
Package pdftex.def Info: qiuliwang.png used on input line 1118.
(pdftex.def)             Requested size: 67.84659pt x 90.33717pt.
File: qiuliwang.png Graphic file (type png)
 <use qiuliwang.png>
Package pdftex.def Info: qiuliwang.png used on input line 1118.
(pdftex.def)             Requested size: 67.84659pt x 90.33717pt.
 <zhihuanli.png, id=261, 108.405pt x 145.197pt>
File: zhihuanli.png Graphic file (type png)
 <use zhihuanli.png>
Package pdftex.def Info: zhihuanli.png used on input line 1126.
(pdftex.def)             Requested size: 67.44693pt x 90.33801pt.
File: zhihuanli.png Graphic file (type png)
 <use zhihuanli.png>
Package pdftex.def Info: zhihuanli.png used on input line 1126.
(pdftex.def)             Requested size: 67.44693pt x 90.33801pt.
 <chenliu.png, id=264, 183.5658pt x 246.6816pt>
File: chenliu.png Graphic file (type png)
 <use chenliu.png>
Package pdftex.def Info: chenliu.png used on input line 1132.
(pdftex.def)             Requested size: 67.22363pt x 90.33727pt.
File: chenliu.png Graphic file (type png)
 <use chenliu.png>
Package pdftex.def Info: chenliu.png used on input line 1132.
(pdftex.def)             Requested size: 67.22363pt x 90.33727pt.
 <danyang.png, id=267, 531.9875pt x 803.0pt>
File: danyang.png Graphic file (type png)
 <use danyang.png>
Package pdftex.def Info: danyang.png used on input line 1141.
(pdftex.def)             Requested size: 59.84195pt x 90.32747pt.
File: danyang.png Graphic file (type png)
 <use danyang.png>
Package pdftex.def Info: danyang.png used on input line 1141.
(pdftex.def)             Requested size: 59.84195pt x 90.32747pt.
 <xiaohongzhang.png, id=270, 93.951pt x 133.9404pt>
File: xiaohongzhang.png Graphic file (type png)
 <use xiaohongzhang.png>
Package pdftex.def Info: xiaohongzhang.png used on input line 1147.
(pdftex.def)             Requested size: 63.36688pt x 90.33841pt.
File: xiaohongzhang.png Graphic file (type png)
 <use xiaohongzhang.png>
Package pdftex.def Info: xiaohongzhang.png used on input line 1147.
(pdftex.def)             Requested size: 63.36688pt x 90.33841pt.
 [12 <c:/Users/WangQL/OneDrive/Documents/Medic/MyDraft/Pneumonia_Detection/MPDNet_V5/qiuliwang.png> <c:/Users/WangQL/OneDrive/Documents/Medic/MyDraft/Pneumonia_Detection/MPDNet_V5/zhihuanli.png> <c:/Users/WangQL/OneDrive/Documents/Medic/MyDraft/Pneumonia_Detection/MPDNet_V5/chenliu.png> <c:/Users/WangQL/OneDrive/Documents/Medic/MyDraft/Pneumonia_Detection/MPDNet_V5/danyang.png> <c:/Users/WangQL/OneDrive/Documents/Medic/MyDraft/Pneumonia_Detection/MPDNet_V5/xiaohongzhang.png>] (c:\Users\WangQL\OneDrive\Documents\Medic\MyDraft\Pneumonia_Detection\MPDNet_V5\bare_jrnl.aux)

LaTeX Warning: There were multiply-defined labels.

 ) 
Here is how much of TeX's memory you used:
 5793 strings out of 495354
 86042 string characters out of 3183859
 159840 words of memory out of 3000000
 8791 multiletter control sequences out of 15000+200000
 53796 words of font info for 108 fonts, out of 3000000 for 9000
 17 hyphenation exceptions out of 8191
 37i,10n,38p,933b,523s stack positions out of 5000i,500n,10000p,200000b,50000s
{C:/CTEX/MiKTeX/fonts/enc/dvips/fontname/8r.enc}<C:/CTEX/MiKTeX/fonts/type1/public/amsfonts/cm/cmex10.pfb><C:/CTEX/MiKTeX/fonts/type1/public/amsfonts/cm/cmmi10.pfb><C:/CTEX/MiKTeX/fonts/type1/public/amsfonts/cm/cmmi5.pfb><C:/CTEX/MiKTeX/fonts/type1/public/amsfonts/cm/cmmi7.pfb><C:/CTEX/MiKTeX/fonts/type1/public/amsfonts/cm/cmr10.pfb><C:/CTEX/MiKTeX/fonts/type1/public/amsfonts/cm/cmr7.pfb><C:/CTEX/MiKTeX/fonts/type1/public/amsfonts/cm/cmsy10.pfb><C:/CTEX/MiKTeX/fonts/type1/public/amsfonts/cm/cmsy7.pfb><C:/CTEX/MiKTeX/fonts/type1/public/amsfonts/cm/cmsy8.pfb><C:/CTEX/MiKTeX/fonts/type1/arphic/gbsnu/gbsnu4e.pfb><C:/CTEX/MiKTeX/fonts/type1/arphic/gbsnu/gbsnu4f.pfb><C:/CTEX/MiKTeX/fonts/type1/arphic/gbsnu/gbsnu52.pfb><C:/CTEX/MiKTeX/fonts/type1/arphic/gbsnu/gbsnu53.pfb><C:/CTEX/MiKTeX/fonts/type1/arphic/gbsnu/gbsnu54.pfb><C:/CTEX/MiKTeX/fonts/type1/arphic/gbsnu/gbsnu55.pfb><C:/CTEX/MiKTeX/fonts/type1/arphic/gbsnu/gbsnu59.pfb><C:/CTEX/MiKTeX/fonts/type1/arphic/gbsnu/gbsnu61.pfb><C:/CTEX/MiKTeX/fonts/type1/arphic/gbsnu/gbsnu67.pfb><C:/CTEX/MiKTeX/fonts/type1/arphic/gbsnu/gbsnu6c.pfb><C:/CTEX/MiKTeX/fonts/type1/arphic/gbsnu/gbsnu70.pfb><C:/CTEX/MiKTeX/fonts/type1/arphic/gbsnu/gbsnu75.pfb><C:/CTEX/MiKTeX/fonts/type1/arphic/gbsnu/gbsnu80.pfb><C:/CTEX/MiKTeX/fonts/type1/arphic/gbsnu/gbsnu88.pfb><C:/CTEX/MiKTeX/fonts/type1/arphic/gbsnu/gbsnu90.pfb><C:/CTEX/MiKTeX/fonts/type1/arphic/gbsnu/gbsnu91.pfb><C:/CTEX/MiKTeX/fonts/type1/arphic/gbsnu/gbsnu95.pfb><C:/CTEX/MiKTeX/fonts/type1/urw/times/utmb8a.pfb><C:/CTEX/MiKTeX/fonts/type1/urw/times/utmbi8a.pfb><C:/CTEX/MiKTeX/fonts/type1/urw/times/utmr8a.pfb><C:/CTEX/MiKTeX/fonts/type1/urw/times/utmri8a.pfb>
Output written on bare_jrnl.pdf (12 pages, 2202609 bytes).
PDF statistics:
 376 PDF objects out of 1000 (max. 8388607)
 0 named destinations out of 1000 (max. 500000)
 141 words of extra memory for PDF output out of 10000 (max. 10000000)

